Using pre-set license
Built from '2020.3/staging' branch; Version is '2020.3.11f1 (99c7afb366b3) revision 10078127'; Using compiler version '192528614'; Build Type 'Release'
OS: 'Windows 10 Pro; OS build 19043.1052; Version 2009; 64bit' Language: 'ru' Physical Memory: 16335 MB
BatchMode: 1, IsHumanControllingUs: 0, StartBugReporterOnCrash: 0, Is64bit: 1, IsPro: 0

 COMMAND LINE ARGUMENTS:
C:\Program Files\Unity\Hub\Editor\2020.3.11f1\Editor\Unity.exe
-adb2
-batchMode
-noUpm
-name
AssetImportWorker0
-projectPath
C:/UnityProject/TarkovBullet/RunerGame
-logFile
Logs/AssetImportWorker0.log
-srvPort
54217
Successfully changed project path to: C:/UnityProject/TarkovBullet/RunerGame
C:/UnityProject/TarkovBullet/RunerGame
Using Asset Import Pipeline V2.
Refreshing native plugins compatible for Editor in 28.93 ms, found 2 plugins.
Preloading 0 native plugins for Editor in 0.00 ms.
Initialize engine version: 2020.3.11f1 (99c7afb366b3)
[Subsystems] Discovering subsystems at path C:/Program Files/Unity/Hub/Editor/2020.3.11f1/Editor/Data/Resources/UnitySubsystems
[Subsystems] Discovering subsystems at path C:/UnityProject/TarkovBullet/RunerGame/Assets
GfxDevice: creating device client; threaded=0
Direct3D:
    Version:  Direct3D 11.0 [level 11.1]
    Renderer: Radeon RX 580 Series (ID=0x67df)
    Vendor:   
    VRAM:     8171 MB
    Driver:   27.20.21003.8013
Initialize mono
Mono path[0] = 'C:/Program Files/Unity/Hub/Editor/2020.3.11f1/Editor/Data/Managed'
Mono path[1] = 'C:/Program Files/Unity/Hub/Editor/2020.3.11f1/Editor/Data/MonoBleedingEdge/lib/mono/unityjit'
Mono config path = 'C:/Program Files/Unity/Hub/Editor/2020.3.11f1/Editor/Data/MonoBleedingEdge/etc'
Using monoOptions --debugger-agent=transport=dt_socket,embedding=1,server=y,suspend=n,address=127.0.0.1:56864
Begin MonoManager ReloadAssembly
Registering precompiled unity dll's ...
Register platform support module: C:/Program Files/Unity/Hub/Editor/2020.3.11f1/Editor/Data/PlaybackEngines/WindowsStandaloneSupport/UnityEditor.WindowsStandalone.Extensions.dll
Registered in 0.002161 seconds.
Native extension for WindowsStandalone target not found
Refreshing native plugins compatible for Editor in 29.21 ms, found 2 plugins.
Preloading 0 native plugins for Editor in 0.00 ms.
Mono: successfully reloaded assembly
- Completed reload, in  1.135 seconds
Platform modules already initialized, skipping
Registering precompiled user dll's ...
Registered in 0.004030 seconds.
Begin MonoManager ReloadAssembly
Native extension for WindowsStandalone target not found
Refreshing native plugins compatible for Editor in 0.31 ms, found 2 plugins.
Preloading 0 native plugins for Editor in 0.00 ms.
Mono: successfully reloaded assembly
- Completed reload, in  1.015 seconds
Platform modules already initialized, skipping
========================================================================
Worker process is ready to serve import requests
Launched and connected shader compiler UnityShaderCompiler.exe after 0.04 seconds
Refreshing native plugins compatible for Editor in 0.36 ms, found 2 plugins.
Preloading 0 native plugins for Editor in 0.00 ms.
Unloading 1440 Unused Serialized files (Serialized files now loaded: 0)
System memory in use before: 68.0 MB.
System memory in use after: 68.1 MB.

Unloading 19 unused Assets to reduce memory usage. Loaded Objects now: 1873.
Total: 1.933500 ms (FindLiveObjects: 0.162700 ms CreateObjectMapping: 0.033200 ms MarkObjects: 1.652900 ms  DeleteObjects: 0.083600 ms)

========================================================================
Received Import Request.
  path: Assets/Scripts/UI
  artifactKey: Guid(245d78177f50de74eaef8b02724db0f8) Importer(815301076,1909f56bfc062723c751e8b465ee728b)
Start importing Assets/Scripts/UI using Guid(245d78177f50de74eaef8b02724db0f8) Importer(815301076,1909f56bfc062723c751e8b465ee728b)  -> (artifact id: '201031fec1c348db6f57cad2ef926b65') in 0.004226 seconds
  Import took 0.006561 seconds .

========================================================================
Received Import Request.
  Time since last request: 19.224558 seconds.
  path: Assets/Scripts/UI/HealthDisplay.cs
  artifactKey: Guid(3254a4f369fe59b4099049baa2d775c2) Importer(815301076,1909f56bfc062723c751e8b465ee728b)
Start importing Assets/Scripts/UI/HealthDisplay.cs using Guid(3254a4f369fe59b4099049baa2d775c2) Importer(815301076,1909f56bfc062723c751e8b465ee728b)  -> (artifact id: 'e743f7806f5369adebbd54bdc26124af') in 0.016238 seconds
  Import took 0.018470 seconds .

========================================================================
Received Import Request.
  Time since last request: 0.001656 seconds.
  path: Assets/Scripts/UI/HealthDisplay.cs
  artifactKey: Guid(3254a4f369fe59b4099049baa2d775c2) Importer(815301076,1909f56bfc062723c751e8b465ee728b)
Start importing Assets/Scripts/UI/HealthDisplay.cs using Guid(3254a4f369fe59b4099049baa2d775c2) Importer(815301076,1909f56bfc062723c751e8b465ee728b)  -> (artifact id: 'e743f7806f5369adebbd54bdc26124af') in 0.001871 seconds
  Import took 0.004106 seconds .

========================================================================
Received Prepare
Registering precompiled user dll's ...
Registered in 0.003679 seconds.
Begin MonoManager ReloadAssembly
Native extension for WindowsStandalone target not found
Refreshing native plugins compatible for Editor in 0.32 ms, found 2 plugins.
Preloading 0 native plugins for Editor in 0.00 ms.
Mono: successfully reloaded assembly
- Completed reload, in  0.956 seconds
Platform modules already initialized, skipping
Refreshing native plugins compatible for Editor in 0.32 ms, found 2 plugins.
Preloading 0 native plugins for Editor in 0.00 ms.
Unloading 1423 Unused Serialized files (Serialized files now loaded: 0)
System memory in use before: 66.7 MB.
System memory in use after: 66.8 MB.

Unloading 14 unused Assets to reduce memory usage. Loaded Objects now: 1877.
Total: 2.102100 ms (FindLiveObjects: 0.170200 ms CreateObjectMapping: 0.033100 ms MarkObjects: 1.832800 ms  DeleteObjects: 0.064700 ms)

========================================================================
Received Prepare
Registering precompiled user dll's ...
Registered in 0.003729 seconds.
Begin MonoManager ReloadAssembly
Native extension for WindowsStandalone target not found
Refreshing native plugins compatible for Editor in 0.31 ms, found 2 plugins.
Preloading 0 native plugins for Editor in 0.00 ms.
Mono: successfully reloaded assembly
- Completed reload, in  0.943 seconds
Platform modules already initialized, skipping
Refreshing native plugins compatible for Editor in 0.31 ms, found 2 plugins.
Preloading 0 native plugins for Editor in 0.00 ms.
Unloading 1423 Unused Serialized files (Serialized files now loaded: 0)
System memory in use before: 66.8 MB.
System memory in use after: 66.8 MB.

Unloading 14 unused Assets to reduce memory usage. Loaded Objects now: 1880.
Total: 1.846800 ms (FindLiveObjects: 0.158100 ms CreateObjectMapping: 0.033200 ms MarkObjects: 1.597300 ms  DeleteObjects: 0.057100 ms)

========================================================================
Received Import Request.
  Time since last request: 427.060545 seconds.
  path: Assets/Scripts/UI/HealthDisplay.cs
  artifactKey: Guid(3254a4f369fe59b4099049baa2d775c2) Importer(815301076,1909f56bfc062723c751e8b465ee728b)
Start importing Assets/Scripts/UI/HealthDisplay.cs using Guid(3254a4f369fe59b4099049baa2d775c2) Importer(815301076,1909f56bfc062723c751e8b465ee728b)  -> (artifact id: '8c9b9fa391f7704e4180a686b54eed61') in 0.004134 seconds
  Import took 0.006443 seconds .

========================================================================
Received Prepare
Registering precompiled user dll's ...
Registered in 0.003586 seconds.
Begin MonoManager ReloadAssembly
Native extension for WindowsStandalone target not found
Refreshing native plugins compatible for Editor in 0.45 ms, found 2 plugins.
Preloading 0 native plugins for Editor in 0.00 ms.
Mono: successfully reloaded assembly
- Completed reload, in  0.939 seconds
Platform modules already initialized, skipping
Refreshing native plugins compatible for Editor in 0.31 ms, found 2 plugins.
Preloading 0 native plugins for Editor in 0.00 ms.
Unloading 1423 Unused Serialized files (Serialized files now loaded: 0)
System memory in use before: 66.8 MB.
System memory in use after: 66.8 MB.

Unloading 14 unused Assets to reduce memory usage. Loaded Objects now: 1883.
Total: 1.829300 ms (FindLiveObjects: 0.150700 ms CreateObjectMapping: 0.031700 ms MarkObjects: 1.589400 ms  DeleteObjects: 0.056300 ms)

========================================================================
Received Import Request.
  Time since last request: 740.281586 seconds.
  path: Assets/Scripts/UI/GameOverScreen.cs
  artifactKey: Guid(6dcdb01083546eb4582b4215cab2bd71) Importer(815301076,1909f56bfc062723c751e8b465ee728b)
Start importing Assets/Scripts/UI/GameOverScreen.cs using Guid(6dcdb01083546eb4582b4215cab2bd71) Importer(815301076,1909f56bfc062723c751e8b465ee728b)  -> (artifact id: 'ec49d37f78d95cc5560ac9eb83b0e3a8') in 0.004656 seconds
  Import took 0.007044 seconds .

========================================================================
Received Prepare
Registering precompiled user dll's ...
Registered in 0.003597 seconds.
Begin MonoManager ReloadAssembly
Native extension for WindowsStandalone target not found
Refreshing native plugins compatible for Editor in 0.44 ms, found 2 plugins.
Preloading 0 native plugins for Editor in 0.00 ms.
Mono: successfully reloaded assembly
- Completed reload, in  1.008 seconds
Platform modules already initialized, skipping
Refreshing native plugins compatible for Editor in 0.32 ms, found 2 plugins.
Preloading 0 native plugins for Editor in 0.00 ms.
Unloading 1424 Unused Serialized files (Serialized files now loaded: 0)
System memory in use before: 66.8 MB.
System memory in use after: 66.9 MB.

Unloading 14 unused Assets to reduce memory usage. Loaded Objects now: 1887.
Total: 1.898900 ms (FindLiveObjects: 0.168800 ms CreateObjectMapping: 0.031200 ms MarkObjects: 1.639400 ms  DeleteObjects: 0.058100 ms)

========================================================================
Received Prepare
Registering precompiled user dll's ...
Registered in 0.005224 seconds.
Begin MonoManager ReloadAssembly
Native extension for WindowsStandalone target not found
Refreshing native plugins compatible for Editor in 0.32 ms, found 2 plugins.
Preloading 0 native plugins for Editor in 0.00 ms.
Mono: successfully reloaded assembly
- Completed reload, in  0.940 seconds
Platform modules already initialized, skipping
Refreshing native plugins compatible for Editor in 0.33 ms, found 2 plugins.
Preloading 0 native plugins for Editor in 0.00 ms.
Unloading 1424 Unused Serialized files (Serialized files now loaded: 0)
System memory in use before: 66.8 MB.
System memory in use after: 66.9 MB.

Unloading 14 unused Assets to reduce memory usage. Loaded Objects now: 1890.
Total: 2.073400 ms (FindLiveObjects: 0.221400 ms CreateObjectMapping: 0.032200 ms MarkObjects: 1.754500 ms  DeleteObjects: 0.063300 ms)

========================================================================
Received Import Request.
  Time since last request: 799.637633 seconds.
  path: Assets/Scripts/UI/GameOverScreen.cs
  artifactKey: Guid(6dcdb01083546eb4582b4215cab2bd71) Importer(815301076,1909f56bfc062723c751e8b465ee728b)
Start importing Assets/Scripts/UI/GameOverScreen.cs using Guid(6dcdb01083546eb4582b4215cab2bd71) Importer(815301076,1909f56bfc062723c751e8b465ee728b)  -> (artifact id: '5c0e7c6207dc06a6a25f9478289b04be') in 0.004230 seconds
  Import took 0.006274 seconds .

========================================================================
Received Prepare
Registering precompiled user dll's ...
Registered in 0.003610 seconds.
Begin MonoManager ReloadAssembly
Native extension for WindowsStandalone target not found
Refreshing native plugins compatible for Editor in 0.33 ms, found 2 plugins.
Preloading 0 native plugins for Editor in 0.00 ms.
Mono: successfully reloaded assembly
- Completed reload, in  0.894 seconds
Platform modules already initialized, skipping
Refreshing native plugins compatible for Editor in 0.31 ms, found 2 plugins.
Preloading 0 native plugins for Editor in 0.00 ms.
Unloading 1424 Unused Serialized files (Serialized files now loaded: 0)
System memory in use before: 66.8 MB.
System memory in use after: 66.9 MB.

Unloading 14 unused Assets to reduce memory usage. Loaded Objects now: 1893.
Total: 2.003200 ms (FindLiveObjects: 0.167100 ms CreateObjectMapping: 0.032200 ms MarkObjects: 1.739700 ms  DeleteObjects: 0.063000 ms)

========================================================================
Received Prepare
Registering precompiled user dll's ...
Registered in 0.003892 seconds.
Begin MonoManager ReloadAssembly
Native extension for WindowsStandalone target not found
Refreshing native plugins compatible for Editor in 0.33 ms, found 2 plugins.
Preloading 0 native plugins for Editor in 0.00 ms.
Mono: successfully reloaded assembly
- Completed reload, in  0.915 seconds
Platform modules already initialized, skipping
Refreshing native plugins compatible for Editor in 0.30 ms, found 2 plugins.
Preloading 0 native plugins for Editor in 0.00 ms.
Unloading 1424 Unused Serialized files (Serialized files now loaded: 0)
System memory in use before: 66.8 MB.
System memory in use after: 66.9 MB.

Unloading 14 unused Assets to reduce memory usage. Loaded Objects now: 1896.
Total: 1.824100 ms (FindLiveObjects: 0.142700 ms CreateObjectMapping: 0.031600 ms MarkObjects: 1.592200 ms  DeleteObjects: 0.056800 ms)

========================================================================
Received Import Request.
  Time since last request: 2040.954027 seconds.
  path: Assets/BackGround
  artifactKey: Guid(ab41fa95a179bc44e8b08c05a73f9d4d) Importer(815301076,1909f56bfc062723c751e8b465ee728b)
Start importing Assets/BackGround using Guid(ab41fa95a179bc44e8b08c05a73f9d4d) Importer(815301076,1909f56bfc062723c751e8b465ee728b)  -> (artifact id: '8f0659dc2719eed898e6310f90fcb44b') in 0.004456 seconds
  Import took 0.006699 seconds .

========================================================================
Received Import Request.
  Time since last request: 25.673419 seconds.
  path: Assets/BackGround/_01_ground.png
  artifactKey: Guid(4d4645e102ebf9b4fb408daa31faf391) Importer(815301076,1909f56bfc062723c751e8b465ee728b)
Start importing Assets/BackGround/_01_ground.png using Guid(4d4645e102ebf9b4fb408daa31faf391) Importer(815301076,1909f56bfc062723c751e8b465ee728b)  -> (artifact id: '748f391eb3911617bca77fa6e0a6ee9c') in 0.079648 seconds
  Import took 0.081897 seconds .

========================================================================
Received Import Request.
  Time since last request: 0.000161 seconds.
  path: Assets/BackGround/_10_distant_clouds.png
  artifactKey: Guid(60efcae032c6cd54984c22673d4a1661) Importer(815301076,1909f56bfc062723c751e8b465ee728b)
Start importing Assets/BackGround/_10_distant_clouds.png using Guid(60efcae032c6cd54984c22673d4a1661) Importer(815301076,1909f56bfc062723c751e8b465ee728b)  -> (artifact id: 'f3baad27fc814384014af09e7b84d5f8') in 0.014394 seconds
  Import took 0.016373 seconds .

========================================================================
Received Import Request.
  Time since last request: 0.000163 seconds.
  path: Assets/BackGround/_05_hill1.png
  artifactKey: Guid(7ca16617437e9cf46b7ecbf7853db0d3) Importer(815301076,1909f56bfc062723c751e8b465ee728b)
Start importing Assets/BackGround/_05_hill1.png using Guid(7ca16617437e9cf46b7ecbf7853db0d3) Importer(815301076,1909f56bfc062723c751e8b465ee728b)  -> (artifact id: '3b79288621f4d3b786d767a6432da3d7') in 0.008718 seconds
  Import took 0.010872 seconds .

========================================================================
Received Import Request.
  Time since last request: 0.000173 seconds.
  path: Assets/BackGround/_08_clouds.png
  artifactKey: Guid(e2fab5f9fc9552547bbdf385a3bc0b8f) Importer(815301076,1909f56bfc062723c751e8b465ee728b)
Start importing Assets/BackGround/_08_clouds.png using Guid(e2fab5f9fc9552547bbdf385a3bc0b8f) Importer(815301076,1909f56bfc062723c751e8b465ee728b)  -> (artifact id: 'db09dba5a93c388f12c5a6380e09e5a8') in 0.008965 seconds
  Import took 0.011101 seconds .

========================================================================
Received Import Request.
  Time since last request: 0.000234 seconds.
  path: Assets/BackGround/_07_huge_clouds.png
  artifactKey: Guid(f85678ebe6c5c3541bf09f5a8ba7b420) Importer(815301076,1909f56bfc062723c751e8b465ee728b)
Start importing Assets/BackGround/_07_huge_clouds.png using Guid(f85678ebe6c5c3541bf09f5a8ba7b420) Importer(815301076,1909f56bfc062723c751e8b465ee728b)  -> (artifact id: '3054008704c6c311942c7905221b73d1') in 0.008270 seconds
  Import took 0.010775 seconds .

========================================================================
Received Import Request.
  Time since last request: 0.000196 seconds.
  path: Assets/BackGround/_06_hill2.png
  artifactKey: Guid(1dff76583a07f804bad31c2ab9e8075d) Importer(815301076,1909f56bfc062723c751e8b465ee728b)
Start importing Assets/BackGround/_06_hill2.png using Guid(1dff76583a07f804bad31c2ab9e8075d) Importer(815301076,1909f56bfc062723c751e8b465ee728b)  -> (artifact id: '4d85c793a16f7210958d44c2a2588fd8') in 0.008361 seconds
  Import took 0.010615 seconds .

========================================================================
Received Import Request.
  Time since last request: 0.000164 seconds.
  path: Assets/BackGround/_11_background.png
  artifactKey: Guid(c760fd080511fe9409adc8674d38732f) Importer(815301076,1909f56bfc062723c751e8b465ee728b)
Start importing Assets/BackGround/_11_background.png using Guid(c760fd080511fe9409adc8674d38732f) Importer(815301076,1909f56bfc062723c751e8b465ee728b)  -> (artifact id: '084b775898630683f2a0651963e1b7e4') in 0.006377 seconds
  Import took 0.008343 seconds .

========================================================================
Received Import Request.
  Time since last request: 0.000164 seconds.
  path: Assets/BackGround/_04_bushes.png
  artifactKey: Guid(796f0cdefb0dae3469a2d0ae1c49face) Importer(815301076,1909f56bfc062723c751e8b465ee728b)
Start importing Assets/BackGround/_04_bushes.png using Guid(796f0cdefb0dae3469a2d0ae1c49face) Importer(815301076,1909f56bfc062723c751e8b465ee728b)  -> (artifact id: '903ec46a74e75f6ef582028922854892') in 0.007882 seconds
  Import took 0.009951 seconds .

========================================================================
Received Import Request.
  Time since last request: 0.000178 seconds.
  path: Assets/BackGround/_02_trees and bushes.png
  artifactKey: Guid(04851c990580b7c44831b31b62e25ca7) Importer(815301076,1909f56bfc062723c751e8b465ee728b)
Start importing Assets/BackGround/_02_trees and bushes.png using Guid(04851c990580b7c44831b31b62e25ca7) Importer(815301076,1909f56bfc062723c751e8b465ee728b)  -> (artifact id: 'a559f9daed8454d49cbfb77253ff8572') in 0.007464 seconds
  Import took 0.009637 seconds .

========================================================================
Received Import Request.
  Time since last request: 0.000158 seconds.
  path: Assets/BackGround/_03_distant_trees.png
  artifactKey: Guid(45eb83ae752f9f34e9a7b85c80de2b4e) Importer(815301076,1909f56bfc062723c751e8b465ee728b)
Start importing Assets/BackGround/_03_distant_trees.png using Guid(45eb83ae752f9f34e9a7b85c80de2b4e) Importer(815301076,1909f56bfc062723c751e8b465ee728b)  -> (artifact id: 'bce5cf125bc15695456c77a4458503f0') in 0.009470 seconds
  Import took 0.011426 seconds .

========================================================================
Received Import Request.
  Time since last request: 0.000197 seconds.
  path: Assets/BackGround/_09_distant_clouds1.png
  artifactKey: Guid(d4e9baf8eaf11924aa8fb7ec591f17fb) Importer(815301076,1909f56bfc062723c751e8b465ee728b)
Start importing Assets/BackGround/_09_distant_clouds1.png using Guid(d4e9baf8eaf11924aa8fb7ec591f17fb) Importer(815301076,1909f56bfc062723c751e8b465ee728b)  -> (artifact id: 'df615f9ffd38ef53f7701c6edf15fd2d') in 0.008665 seconds
  Import took 0.010921 seconds .

========================================================================
Received Import Request.
  Time since last request: 11.763706 seconds.
  path: Assets/BackGround/_01_ground.png
  artifactKey: Guid(4d4645e102ebf9b4fb408daa31faf391) Importer(815301076,1909f56bfc062723c751e8b465ee728b)
Start importing Assets/BackGround/_01_ground.png using Guid(4d4645e102ebf9b4fb408daa31faf391) Importer(815301076,1909f56bfc062723c751e8b465ee728b)  -> (artifact id: '04e7ce0d23d10682189881fb99ac3ccc') in 0.060096 seconds
  Import took 0.063075 seconds .

========================================================================
Received Import Request.
  Time since last request: 8.431847 seconds.
  path: Assets/BackGround/_02_trees and bushes.png
  artifactKey: Guid(04851c990580b7c44831b31b62e25ca7) Importer(815301076,1909f56bfc062723c751e8b465ee728b)
Start importing Assets/BackGround/_02_trees and bushes.png using Guid(04851c990580b7c44831b31b62e25ca7) Importer(815301076,1909f56bfc062723c751e8b465ee728b)  -> (artifact id: 'afb54cb4037e88d098f8f59bbb3ead1a') in 0.017970 seconds
  Import took 0.020834 seconds .

========================================================================
Received Import Request.
  Time since last request: 3.764182 seconds.
  path: Assets/BackGround/_03_distant_trees.png
  artifactKey: Guid(45eb83ae752f9f34e9a7b85c80de2b4e) Importer(815301076,1909f56bfc062723c751e8b465ee728b)
Start importing Assets/BackGround/_03_distant_trees.png using Guid(45eb83ae752f9f34e9a7b85c80de2b4e) Importer(815301076,1909f56bfc062723c751e8b465ee728b)  -> (artifact id: 'e636f51b47986df71506248f61c1cefa') in 0.021646 seconds
  Import took 0.024601 seconds .

========================================================================
Received Import Request.
  Time since last request: 3.682301 seconds.
  path: Assets/BackGround/_04_bushes.png
  artifactKey: Guid(796f0cdefb0dae3469a2d0ae1c49face) Importer(815301076,1909f56bfc062723c751e8b465ee728b)
Start importing Assets/BackGround/_04_bushes.png using Guid(796f0cdefb0dae3469a2d0ae1c49face) Importer(815301076,1909f56bfc062723c751e8b465ee728b)  -> (artifact id: '3264d82880e3ef595b570493ad418e9c') in 0.022125 seconds
  Import took 0.025050 seconds .

========================================================================
Received Import Request.
  Time since last request: 4.260582 seconds.
  path: Assets/BackGround/_05_hill1.png
  artifactKey: Guid(7ca16617437e9cf46b7ecbf7853db0d3) Importer(815301076,1909f56bfc062723c751e8b465ee728b)
Start importing Assets/BackGround/_05_hill1.png using Guid(7ca16617437e9cf46b7ecbf7853db0d3) Importer(815301076,1909f56bfc062723c751e8b465ee728b)  -> (artifact id: 'fc098c95b958df46104141a77ffeb7a7') in 0.021008 seconds
  Import took 0.023936 seconds .

========================================================================
Received Import Request.
  Time since last request: 0.000461 seconds.
  path: Assets/BackGround/_05_hill1.png
  artifactKey: Guid(7ca16617437e9cf46b7ecbf7853db0d3) Importer(815301076,1909f56bfc062723c751e8b465ee728b)
Start importing Assets/BackGround/_05_hill1.png using Guid(7ca16617437e9cf46b7ecbf7853db0d3) Importer(815301076,1909f56bfc062723c751e8b465ee728b)  -> (artifact id: 'fc098c95b958df46104141a77ffeb7a7') in 0.020451 seconds
  Import took 0.023302 seconds .

========================================================================
Received Import Request.
  Time since last request: 5.228007 seconds.
  path: Assets/BackGround/_06_hill2.png
  artifactKey: Guid(1dff76583a07f804bad31c2ab9e8075d) Importer(815301076,1909f56bfc062723c751e8b465ee728b)
Start importing Assets/BackGround/_06_hill2.png using Guid(1dff76583a07f804bad31c2ab9e8075d) Importer(815301076,1909f56bfc062723c751e8b465ee728b)  -> (artifact id: 'b1e745ed629f58b7e9cd8b1780632aa3') in 0.018659 seconds
  Import took 0.021573 seconds .

========================================================================
Received Import Request.
  Time since last request: 4.763786 seconds.
  path: Assets/BackGround/_07_huge_clouds.png
  artifactKey: Guid(f85678ebe6c5c3541bf09f5a8ba7b420) Importer(815301076,1909f56bfc062723c751e8b465ee728b)
Start importing Assets/BackGround/_07_huge_clouds.png using Guid(f85678ebe6c5c3541bf09f5a8ba7b420) Importer(815301076,1909f56bfc062723c751e8b465ee728b)  -> (artifact id: 'b3dbdc18e46d22427be8c0eaab5b1cf5') in 0.021436 seconds
  Import took 0.024358 seconds .

========================================================================
Received Import Request.
  Time since last request: 0.000263 seconds.
  path: Assets/BackGround/_07_huge_clouds.png
  artifactKey: Guid(f85678ebe6c5c3541bf09f5a8ba7b420) Importer(815301076,1909f56bfc062723c751e8b465ee728b)
Start importing Assets/BackGround/_07_huge_clouds.png using Guid(f85678ebe6c5c3541bf09f5a8ba7b420) Importer(815301076,1909f56bfc062723c751e8b465ee728b)  -> (artifact id: 'b3dbdc18e46d22427be8c0eaab5b1cf5') in 0.021023 seconds
  Import took 0.023902 seconds .

========================================================================
Received Import Request.
  Time since last request: 4.852722 seconds.
  path: Assets/BackGround/_08_clouds.png
  artifactKey: Guid(e2fab5f9fc9552547bbdf385a3bc0b8f) Importer(815301076,1909f56bfc062723c751e8b465ee728b)
Start importing Assets/BackGround/_08_clouds.png using Guid(e2fab5f9fc9552547bbdf385a3bc0b8f) Importer(815301076,1909f56bfc062723c751e8b465ee728b)  -> (artifact id: '0754de5fc9f1cf68d4e4ff5c273b6866') in 0.021808 seconds
  Import took 0.024703 seconds .

========================================================================
Received Import Request.
  Time since last request: 6.605565 seconds.
  path: Assets/BackGround/_09_distant_clouds1.png
  artifactKey: Guid(d4e9baf8eaf11924aa8fb7ec591f17fb) Importer(815301076,1909f56bfc062723c751e8b465ee728b)
Start importing Assets/BackGround/_09_distant_clouds1.png using Guid(d4e9baf8eaf11924aa8fb7ec591f17fb) Importer(815301076,1909f56bfc062723c751e8b465ee728b)  -> (artifact id: 'de12b21e5b20ec1512ae74ecf1cd107d') in 0.022420 seconds
  Import took 0.025358 seconds .

========================================================================
Received Import Request.
  Time since last request: 4.571825 seconds.
  path: Assets/BackGround/_10_distant_clouds.png
  artifactKey: Guid(60efcae032c6cd54984c22673d4a1661) Importer(815301076,1909f56bfc062723c751e8b465ee728b)
Start importing Assets/BackGround/_10_distant_clouds.png using Guid(60efcae032c6cd54984c22673d4a1661) Importer(815301076,1909f56bfc062723c751e8b465ee728b)  -> (artifact id: 'e513930959ad3e5ea6480950801bc5b5') in 0.021306 seconds
  Import took 0.024178 seconds .

========================================================================
Received Import Request.
  Time since last request: 0.002257 seconds.
  path: Assets/BackGround/_10_distant_clouds.png
  artifactKey: Guid(60efcae032c6cd54984c22673d4a1661) Importer(815301076,1909f56bfc062723c751e8b465ee728b)
Start importing Assets/BackGround/_10_distant_clouds.png using Guid(60efcae032c6cd54984c22673d4a1661) Importer(815301076,1909f56bfc062723c751e8b465ee728b)  -> (artifact id: 'e513930959ad3e5ea6480950801bc5b5') in 0.018649 seconds
  Import took 0.021740 seconds .

========================================================================
Received Import Request.
  Time since last request: 3.823818 seconds.
  path: Assets/BackGround/_11_background.png
  artifactKey: Guid(c760fd080511fe9409adc8674d38732f) Importer(815301076,1909f56bfc062723c751e8b465ee728b)
Start importing Assets/BackGround/_11_background.png using Guid(c760fd080511fe9409adc8674d38732f) Importer(815301076,1909f56bfc062723c751e8b465ee728b)  -> (artifact id: '262106bdc88197d12f87f5f8d4efa06f') in 0.041371 seconds
  Import took 0.043670 seconds .

========================================================================
Received Prepare
Registering precompiled user dll's ...
Registered in 0.003985 seconds.
Begin MonoManager ReloadAssembly
Native extension for WindowsStandalone target not found
Refreshing native plugins compatible for Editor in 0.31 ms, found 2 plugins.
Preloading 0 native plugins for Editor in 0.00 ms.
Mono: successfully reloaded assembly
- Completed reload, in  0.902 seconds
Platform modules already initialized, skipping
Refreshing native plugins compatible for Editor in 0.30 ms, found 2 plugins.
Preloading 0 native plugins for Editor in 0.00 ms.
Unloading 1424 Unused Serialized files (Serialized files now loaded: 0)
System memory in use before: 70.0 MB.
System memory in use after: 70.1 MB.

Unloading 14 unused Assets to reduce memory usage. Loaded Objects now: 1906.
Total: 1.804500 ms (FindLiveObjects: 0.142400 ms CreateObjectMapping: 0.032400 ms MarkObjects: 1.574600 ms  DeleteObjects: 0.054200 ms)

========================================================================
Received Import Request.
  Time since last request: 928.840849 seconds.
  path: Assets/Image
  artifactKey: Guid(b374a4329a4ecd94ab0ac08085f5d236) Importer(815301076,1909f56bfc062723c751e8b465ee728b)
Start importing Assets/Image using Guid(b374a4329a4ecd94ab0ac08085f5d236) Importer(815301076,1909f56bfc062723c751e8b465ee728b)  -> (artifact id: '8eb64bc447a1781739619ac4502bb936') in 0.005734 seconds
  Import took 0.008109 seconds .

========================================================================
Received Import Request.
  Time since last request: 7.901663 seconds.
  path: Assets/Image/bookmark-1294473_1280.webp
  artifactKey: Guid(2486921d957aa8743a72bd7922673e66) Importer(815301076,1909f56bfc062723c751e8b465ee728b)
Start importing Assets/Image/bookmark-1294473_1280.webp using Guid(2486921d957aa8743a72bd7922673e66) Importer(815301076,1909f56bfc062723c751e8b465ee728b)  -> (artifact id: '22321ba936c4ff8b228b627f00d9791b') in 0.010048 seconds
  Import took 0.012302 seconds .

========================================================================
Received Import Request.
  Time since last request: 72.764525 seconds.
  path: Assets/Image/wanted-short-haired-miniature-daschund-5e09baff10d99.jpg
  artifactKey: Guid(374b6cda649ec3b4483982468e2bdfe0) Importer(815301076,1909f56bfc062723c751e8b465ee728b)
Start importing Assets/Image/wanted-short-haired-miniature-daschund-5e09baff10d99.jpg using Guid(374b6cda649ec3b4483982468e2bdfe0) Importer(815301076,1909f56bfc062723c751e8b465ee728b)  -> (artifact id: '55c839126ce4f80abac5356ec79f277a') in 0.024068 seconds
  Import took 0.026358 seconds .

========================================================================
Received Import Request.
  Time since last request: 8.353282 seconds.
  path: Assets/Image/wanted-short-haired-miniature-daschund-5e09baff10d99.jpg
  artifactKey: Guid(374b6cda649ec3b4483982468e2bdfe0) Importer(815301076,1909f56bfc062723c751e8b465ee728b)
Start importing Assets/Image/wanted-short-haired-miniature-daschund-5e09baff10d99.jpg using Guid(374b6cda649ec3b4483982468e2bdfe0) Importer(815301076,1909f56bfc062723c751e8b465ee728b)  -> (artifact id: 'bb2c246376c407a5e756283fbb82069b') in 0.023387 seconds
  Import took 0.025666 seconds .

========================================================================
Received Import Request.
  Time since last request: 33.362323 seconds.
  path: Assets/Image/imgbin-heart-computer-icons-heart-FDZqcvaGkLywxQLT81tS7AfUV.jpg
  artifactKey: Guid(dd0392b838531044aa76ee337b2b733e) Importer(815301076,1909f56bfc062723c751e8b465ee728b)
Start importing Assets/Image/imgbin-heart-computer-icons-heart-FDZqcvaGkLywxQLT81tS7AfUV.jpg using Guid(dd0392b838531044aa76ee337b2b733e) Importer(815301076,1909f56bfc062723c751e8b465ee728b)  -> (artifact id: '19f9b6279fbc56554a4b658464e15b24') in 0.006014 seconds
  Import took 0.008374 seconds .

========================================================================
Received Import Request.
  Time since last request: 0.001717 seconds.
  path: Assets/Image/imgbin-heart-computer-icons-heart-FDZqcvaGkLywxQLT81tS7AfUV.jpg
  artifactKey: Guid(dd0392b838531044aa76ee337b2b733e) Importer(815301076,1909f56bfc062723c751e8b465ee728b)
Start importing Assets/Image/imgbin-heart-computer-icons-heart-FDZqcvaGkLywxQLT81tS7AfUV.jpg using Guid(dd0392b838531044aa76ee337b2b733e) Importer(815301076,1909f56bfc062723c751e8b465ee728b)  -> (artifact id: '19f9b6279fbc56554a4b658464e15b24') in 0.007521 seconds
  Import took 0.009808 seconds .

========================================================================
Received Import Request.
  Time since last request: 4.626958 seconds.
  path: Assets/Image/imgbin-heart-computer-icons-heart-FDZqcvaGkLywxQLT81tS7AfUV.jpg
  artifactKey: Guid(dd0392b838531044aa76ee337b2b733e) Importer(815301076,1909f56bfc062723c751e8b465ee728b)
Start importing Assets/Image/imgbin-heart-computer-icons-heart-FDZqcvaGkLywxQLT81tS7AfUV.jpg using Guid(dd0392b838531044aa76ee337b2b733e) Importer(815301076,1909f56bfc062723c751e8b465ee728b)  -> (artifact id: 'b99c643923775de53976949985b82409') in 0.009655 seconds
  Import took 0.011966 seconds .

========================================================================
Received Import Request.
  Time since last request: 35.310294 seconds.
  path: Assets/Image/unnamed.jpg
  artifactKey: Guid(25f186b8c72136641a710adb9a34a5a0) Importer(815301076,1909f56bfc062723c751e8b465ee728b)
Start importing Assets/Image/unnamed.jpg using Guid(25f186b8c72136641a710adb9a34a5a0) Importer(815301076,1909f56bfc062723c751e8b465ee728b)  -> (artifact id: '0f2ca83008ea0584b6cead3a9aa363a5') in 0.006662 seconds
  Import took 0.009270 seconds .

========================================================================
Received Import Request.
  Time since last request: 3.939992 seconds.
  path: Assets/Image/unnamed.jpg
  artifactKey: Guid(25f186b8c72136641a710adb9a34a5a0) Importer(815301076,1909f56bfc062723c751e8b465ee728b)
Start importing Assets/Image/unnamed.jpg using Guid(25f186b8c72136641a710adb9a34a5a0) Importer(815301076,1909f56bfc062723c751e8b465ee728b)  -> (artifact id: '19ab32ddc4f5102fa4b5ad9cb213dd78') in 0.008654 seconds
  Import took 0.010943 seconds .

========================================================================
Received Import Request.
  Time since last request: 38.990265 seconds.
  path: Assets/Image/png-clipart-red-heart-illustration-heart-icon-3d-red-heart-love-heart.png
  artifactKey: Guid(3d5fa75b26dc37445a71a79685052630) Importer(815301076,1909f56bfc062723c751e8b465ee728b)
Start importing Assets/Image/png-clipart-red-heart-illustration-heart-icon-3d-red-heart-love-heart.png using Guid(3d5fa75b26dc37445a71a79685052630) Importer(815301076,1909f56bfc062723c751e8b465ee728b)  -> (artifact id: '434b62b62d5e924d4125ecf93ec441e9') in 0.006653 seconds
  Import took 0.009564 seconds .

========================================================================
Received Import Request.
  Time since last request: 3.776561 seconds.
  path: Assets/Image/png-clipart-red-heart-illustration-heart-icon-3d-red-heart-love-heart.png
  artifactKey: Guid(3d5fa75b26dc37445a71a79685052630) Importer(815301076,1909f56bfc062723c751e8b465ee728b)
Start importing Assets/Image/png-clipart-red-heart-illustration-heart-icon-3d-red-heart-love-heart.png using Guid(3d5fa75b26dc37445a71a79685052630) Importer(815301076,1909f56bfc062723c751e8b465ee728b)  -> (artifact id: 'f81fb3705bf7196382823b599cd6460b') in 0.009324 seconds
  Import took 0.011644 seconds .

========================================================================
Received Import Request.
  Time since last request: 35.078687 seconds.
  path: Assets/Image/220759.png
  artifactKey: Guid(455f3ca504415914bb37692f6f80d5e3) Importer(815301076,1909f56bfc062723c751e8b465ee728b)
Start importing Assets/Image/220759.png using Guid(455f3ca504415914bb37692f6f80d5e3) Importer(815301076,1909f56bfc062723c751e8b465ee728b)  -> (artifact id: 'd9b14b66e5ee26e362748fb69a648482') in 0.007746 seconds
  Import took 0.010407 seconds .

========================================================================
Received Import Request.
  Time since last request: 3.593329 seconds.
  path: Assets/Image/220759.png
  artifactKey: Guid(455f3ca504415914bb37692f6f80d5e3) Importer(815301076,1909f56bfc062723c751e8b465ee728b)
Start importing Assets/Image/220759.png using Guid(455f3ca504415914bb37692f6f80d5e3) Importer(815301076,1909f56bfc062723c751e8b465ee728b)  -> (artifact id: 'dc1bb1bc5e5b840e7caacb448401db5d') in 0.017858 seconds
  Import took 0.020187 seconds .

========================================================================
Received Import Request.
  Time since last request: 256.905804 seconds.
  path: Assets/Image/Hert
  artifactKey: Guid(8301d56c04c1dc144a1ffb6409f49be3) Importer(815301076,1909f56bfc062723c751e8b465ee728b)
Start importing Assets/Image/Hert using Guid(8301d56c04c1dc144a1ffb6409f49be3) Importer(815301076,1909f56bfc062723c751e8b465ee728b)  -> (artifact id: '526b432566c47f38d82456d430abe231') in 0.001927 seconds
  Import took 0.004149 seconds .

========================================================================
Received Import Request.
  Time since last request: 0.000260 seconds.
  path: Assets/Image/Hert
  artifactKey: Guid(8301d56c04c1dc144a1ffb6409f49be3) Importer(815301076,1909f56bfc062723c751e8b465ee728b)
Start importing Assets/Image/Hert using Guid(8301d56c04c1dc144a1ffb6409f49be3) Importer(815301076,1909f56bfc062723c751e8b465ee728b)  -> (artifact id: '526b432566c47f38d82456d430abe231') in 0.001774 seconds
  Import took 0.003816 seconds .

========================================================================
Received Import Request.
  Time since last request: 3.785283 seconds.
  path: Assets/Image/Heart
  artifactKey: Guid(8301d56c04c1dc144a1ffb6409f49be3) Importer(815301076,1909f56bfc062723c751e8b465ee728b)
Start importing Assets/Image/Heart using Guid(8301d56c04c1dc144a1ffb6409f49be3) Importer(815301076,1909f56bfc062723c751e8b465ee728b)  -> (artifact id: 'e8db7f54860b817e115119cb6fcab530') in 0.001880 seconds
  Import took 0.004181 seconds .

========================================================================
Received Import Request.
  Time since last request: 11.983110 seconds.
  path: Assets/Image/Heart/Heart Stage 1.png
  artifactKey: Guid(ba2bb5e10f2b671489862cd4237f499b) Importer(815301076,1909f56bfc062723c751e8b465ee728b)
Start importing Assets/Image/Heart/Heart Stage 1.png using Guid(ba2bb5e10f2b671489862cd4237f499b) Importer(815301076,1909f56bfc062723c751e8b465ee728b)  -> (artifact id: 'aa809b3dcb6d68c1a1abc52c0e986a9b') in 0.005440 seconds
  Import took 0.007749 seconds .

========================================================================
Received Import Request.
  Time since last request: 0.000156 seconds.
  path: Assets/Image/Heart/Heart Stage 5.png
  artifactKey: Guid(3fe5d5f6c2b14dc4ba89124571e65369) Importer(815301076,1909f56bfc062723c751e8b465ee728b)
Start importing Assets/Image/Heart/Heart Stage 5.png using Guid(3fe5d5f6c2b14dc4ba89124571e65369) Importer(815301076,1909f56bfc062723c751e8b465ee728b)  -> (artifact id: '796143246812e02a125af539c3ce5e5f') in 0.004584 seconds
  Import took 0.006545 seconds .

========================================================================
Received Import Request.
  Time since last request: 5.464160 seconds.
  path: Assets/Image/Heart/Heart Stage 5.png
  artifactKey: Guid(3fe5d5f6c2b14dc4ba89124571e65369) Importer(815301076,1909f56bfc062723c751e8b465ee728b)
Start importing Assets/Image/Heart/Heart Stage 5.png using Guid(3fe5d5f6c2b14dc4ba89124571e65369) Importer(815301076,1909f56bfc062723c751e8b465ee728b)  -> (artifact id: '64565831a0d5efae2b99837750da8683') in 0.006628 seconds
  Import took 0.009129 seconds .

========================================================================
Received Import Request.
  Time since last request: 5.459061 seconds.
  path: Assets/Image/Heart/Heart Stage 1.png
  artifactKey: Guid(ba2bb5e10f2b671489862cd4237f499b) Importer(815301076,1909f56bfc062723c751e8b465ee728b)
Start importing Assets/Image/Heart/Heart Stage 1.png using Guid(ba2bb5e10f2b671489862cd4237f499b) Importer(815301076,1909f56bfc062723c751e8b465ee728b)  -> (artifact id: 'bf11c89fe7b9cdfe865eb8b08255edb3') in 0.006208 seconds
  Import took 0.008534 seconds .

========================================================================
Received Prepare
Registering precompiled user dll's ...
Registered in 0.004011 seconds.
Begin MonoManager ReloadAssembly
Native extension for WindowsStandalone target not found
Refreshing native plugins compatible for Editor in 0.31 ms, found 2 plugins.
Preloading 0 native plugins for Editor in 0.00 ms.
Mono: successfully reloaded assembly
- Completed reload, in  0.898 seconds
Platform modules already initialized, skipping
Refreshing native plugins compatible for Editor in 0.30 ms, found 2 plugins.
Preloading 0 native plugins for Editor in 0.00 ms.
Unloading 1424 Unused Serialized files (Serialized files now loaded: 0)
System memory in use before: 70.0 MB.
System memory in use after: 70.1 MB.

Unloading 14 unused Assets to reduce memory usage. Loaded Objects now: 1918.
Total: 1.863900 ms (FindLiveObjects: 0.155800 ms CreateObjectMapping: 0.032800 ms MarkObjects: 1.618400 ms  DeleteObjects: 0.055900 ms)

========================================================================
Received Import Request.
  Time since last request: 177.185530 seconds.
  path: Assets/Image/Heart/Heart Stage 1.png
  artifactKey: Guid(ba2bb5e10f2b671489862cd4237f499b) Importer(815301076,1909f56bfc062723c751e8b465ee728b)
Start importing Assets/Image/Heart/Heart Stage 1.png using Guid(ba2bb5e10f2b671489862cd4237f499b) Importer(815301076,1909f56bfc062723c751e8b465ee728b)  -> (artifact id: 'a11fbb6d76369e6770351c4ec362813f') in 0.043508 seconds
  Import took 0.045822 seconds .

========================================================================
Received Import Request.
  Time since last request: 5.799786 seconds.
  path: Assets/Image/Heart/Heart Stage 5.png
  artifactKey: Guid(3fe5d5f6c2b14dc4ba89124571e65369) Importer(815301076,1909f56bfc062723c751e8b465ee728b)
Start importing Assets/Image/Heart/Heart Stage 5.png using Guid(3fe5d5f6c2b14dc4ba89124571e65369) Importer(815301076,1909f56bfc062723c751e8b465ee728b)  -> (artifact id: 'ee79f58bb34479118866d45146fb201f') in 0.006171 seconds
  Import took 0.008451 seconds .

========================================================================
Received Prepare
Registering precompiled user dll's ...
Registered in 0.003701 seconds.
Begin MonoManager ReloadAssembly
Native extension for WindowsStandalone target not found
Refreshing native plugins compatible for Editor in 0.33 ms, found 2 plugins.
Preloading 0 native plugins for Editor in 0.00 ms.
Mono: successfully reloaded assembly
- Completed reload, in  0.908 seconds
Platform modules already initialized, skipping
Refreshing native plugins compatible for Editor in 0.33 ms, found 2 plugins.
Preloading 0 native plugins for Editor in 0.00 ms.
Unloading 1424 Unused Serialized files (Serialized files now loaded: 0)
System memory in use before: 70.0 MB.
System memory in use after: 70.1 MB.

Unloading 14 unused Assets to reduce memory usage. Loaded Objects now: 1922.
Total: 2.045600 ms (FindLiveObjects: 0.185900 ms CreateObjectMapping: 0.033000 ms MarkObjects: 1.760300 ms  DeleteObjects: 0.064900 ms)

========================================================================
Received Import Request.
  Time since last request: 849.898367 seconds.
  path: Assets/Scripts/UI/Heart.cs
  artifactKey: Guid(3254a4f369fe59b4099049baa2d775c2) Importer(815301076,1909f56bfc062723c751e8b465ee728b)
Start importing Assets/Scripts/UI/Heart.cs using Guid(3254a4f369fe59b4099049baa2d775c2) Importer(815301076,1909f56bfc062723c751e8b465ee728b)  -> (artifact id: 'c36c01c9a2c0538f859e9c81d09c7fd3') in 0.004359 seconds
  Import took 0.006624 seconds .

========================================================================
Received Import Request.
  Time since last request: 185.109586 seconds.
  path: Assets/Prefabs/Heart.prefab
  artifactKey: Guid(d3c2f4ec80df31f4db053d0c114c521a) Importer(815301076,1909f56bfc062723c751e8b465ee728b)
Start importing Assets/Prefabs/Heart.prefab using Guid(d3c2f4ec80df31f4db053d0c114c521a) Importer(815301076,1909f56bfc062723c751e8b465ee728b)  -> (artifact id: '1ca6db3fe83357cf79018a86a4d94bb1') in 0.028043 seconds
  Import took 0.030443 seconds .

========================================================================
Received Import Request.
  Time since last request: 0.002672 seconds.
  path: Assets/Prefabs/Heart.prefab
  artifactKey: Guid(d3c2f4ec80df31f4db053d0c114c521a) Importer(815301076,1909f56bfc062723c751e8b465ee728b)
Start importing Assets/Prefabs/Heart.prefab using Guid(d3c2f4ec80df31f4db053d0c114c521a) Importer(815301076,1909f56bfc062723c751e8b465ee728b)  -> (artifact id: '1ca6db3fe83357cf79018a86a4d94bb1') in 0.003205 seconds
  Import took 0.005549 seconds .

========================================================================
Received Import Request.
  Time since last request: 40.275590 seconds.
  path: Assets/Scripts/UI/HeartBar.cs
  artifactKey: Guid(276d80d088b9c724197aebd4707dc4bb) Importer(815301076,1909f56bfc062723c751e8b465ee728b)
Start importing Assets/Scripts/UI/HeartBar.cs using Guid(276d80d088b9c724197aebd4707dc4bb) Importer(815301076,1909f56bfc062723c751e8b465ee728b)  -> (artifact id: '61a876ce9b1650a13d1b549ccf597500') in 0.001805 seconds
  Import took 0.003999 seconds .

========================================================================
Received Prepare
Registering precompiled user dll's ...
Registered in 0.003619 seconds.
Begin MonoManager ReloadAssembly
Native extension for WindowsStandalone target not found
Refreshing native plugins compatible for Editor in 0.32 ms, found 2 plugins.
Preloading 0 native plugins for Editor in 0.00 ms.
Mono: successfully reloaded assembly
- Completed reload, in  0.934 seconds
Platform modules already initialized, skipping
Refreshing native plugins compatible for Editor in 0.50 ms, found 2 plugins.
Preloading 0 native plugins for Editor in 0.00 ms.
Unloading 1425 Unused Serialized files (Serialized files now loaded: 0)
System memory in use before: 70.1 MB.
System memory in use after: 70.2 MB.

Unloading 14 unused Assets to reduce memory usage. Loaded Objects now: 1926.
Total: 1.967600 ms (FindLiveObjects: 0.174100 ms CreateObjectMapping: 0.031800 ms MarkObjects: 1.696700 ms  DeleteObjects: 0.063000 ms)

========================================================================
Received Prepare
Registering precompiled user dll's ...
Registered in 0.004031 seconds.
Begin MonoManager ReloadAssembly
Native extension for WindowsStandalone target not found
Refreshing native plugins compatible for Editor in 0.32 ms, found 2 plugins.
Preloading 0 native plugins for Editor in 0.00 ms.
Mono: successfully reloaded assembly
- Completed reload, in  0.918 seconds
Platform modules already initialized, skipping
Refreshing native plugins compatible for Editor in 0.33 ms, found 2 plugins.
Preloading 0 native plugins for Editor in 0.00 ms.
Unloading 1425 Unused Serialized files (Serialized files now loaded: 0)
System memory in use before: 70.1 MB.
System memory in use after: 70.2 MB.

Unloading 14 unused Assets to reduce memory usage. Loaded Objects now: 1929.
Total: 1.870600 ms (FindLiveObjects: 0.162700 ms CreateObjectMapping: 0.031200 ms MarkObjects: 1.615200 ms  DeleteObjects: 0.060400 ms)

========================================================================
Received Import Request.
  Time since last request: 590.777128 seconds.
  path: Assets/Scripts/UI/HeartBar.cs
  artifactKey: Guid(276d80d088b9c724197aebd4707dc4bb) Importer(815301076,1909f56bfc062723c751e8b465ee728b)
Start importing Assets/Scripts/UI/HeartBar.cs using Guid(276d80d088b9c724197aebd4707dc4bb) Importer(815301076,1909f56bfc062723c751e8b465ee728b)  -> (artifact id: '5337a43268532bf5b743e15ea684315d') in 0.004140 seconds
  Import took 0.006273 seconds .

========================================================================
Received Prepare
Registering precompiled user dll's ...
Registered in 0.003611 seconds.
Begin MonoManager ReloadAssembly
Native extension for WindowsStandalone target not found
Refreshing native plugins compatible for Editor in 0.31 ms, found 2 plugins.
Preloading 0 native plugins for Editor in 0.00 ms.
Mono: successfully reloaded assembly
- Completed reload, in  0.908 seconds
Platform modules already initialized, skipping
Refreshing native plugins compatible for Editor in 0.30 ms, found 2 plugins.
Preloading 0 native plugins for Editor in 0.00 ms.
Unloading 1425 Unused Serialized files (Serialized files now loaded: 0)
System memory in use before: 70.1 MB.
System memory in use after: 70.2 MB.

Unloading 14 unused Assets to reduce memory usage. Loaded Objects now: 1932.
Total: 1.825300 ms (FindLiveObjects: 0.149700 ms CreateObjectMapping: 0.032600 ms MarkObjects: 1.587700 ms  DeleteObjects: 0.054100 ms)

========================================================================
Received Prepare
Registering precompiled user dll's ...
Registered in 0.003613 seconds.
Begin MonoManager ReloadAssembly
Native extension for WindowsStandalone target not found
Refreshing native plugins compatible for Editor in 0.33 ms, found 2 plugins.
Preloading 0 native plugins for Editor in 0.00 ms.
Mono: successfully reloaded assembly
- Completed reload, in  0.914 seconds
Platform modules already initialized, skipping
Refreshing native plugins compatible for Editor in 0.33 ms, found 2 plugins.
Preloading 0 native plugins for Editor in 0.00 ms.
Unloading 1425 Unused Serialized files (Serialized files now loaded: 0)
System memory in use before: 70.1 MB.
System memory in use after: 70.2 MB.

Unloading 14 unused Assets to reduce memory usage. Loaded Objects now: 1935.
Total: 1.830600 ms (FindLiveObjects: 0.153100 ms CreateObjectMapping: 0.033100 ms MarkObjects: 1.585900 ms  DeleteObjects: 0.057200 ms)

========================================================================
Received Prepare
Registering precompiled user dll's ...
Registered in 0.003892 seconds.
Begin MonoManager ReloadAssembly
Native extension for WindowsStandalone target not found
Refreshing native plugins compatible for Editor in 0.33 ms, found 2 plugins.
Preloading 0 native plugins for Editor in 0.00 ms.
Mono: successfully reloaded assembly
- Completed reload, in  0.901 seconds
Platform modules already initialized, skipping
Refreshing native plugins compatible for Editor in 0.32 ms, found 2 plugins.
Preloading 0 native plugins for Editor in 0.00 ms.
Unloading 1425 Unused Serialized files (Serialized files now loaded: 0)
System memory in use before: 70.1 MB.
System memory in use after: 70.2 MB.

Unloading 14 unused Assets to reduce memory usage. Loaded Objects now: 1938.
Total: 1.815000 ms (FindLiveObjects: 0.161500 ms CreateObjectMapping: 0.031600 ms MarkObjects: 1.567500 ms  DeleteObjects: 0.053600 ms)

========================================================================
Received Prepare
Registering precompiled user dll's ...
Registered in 0.004049 seconds.
Begin MonoManager ReloadAssembly
Native extension for WindowsStandalone target not found
Refreshing native plugins compatible for Editor in 0.32 ms, found 2 plugins.
Preloading 0 native plugins for Editor in 0.00 ms.
Mono: successfully reloaded assembly
- Completed reload, in  0.914 seconds
Platform modules already initialized, skipping
Refreshing native plugins compatible for Editor in 0.32 ms, found 2 plugins.
Preloading 0 native plugins for Editor in 0.00 ms.
Unloading 1425 Unused Serialized files (Serialized files now loaded: 0)
System memory in use before: 70.1 MB.
System memory in use after: 70.2 MB.

Unloading 14 unused Assets to reduce memory usage. Loaded Objects now: 1941.
Total: 1.826500 ms (FindLiveObjects: 0.146200 ms CreateObjectMapping: 0.032700 ms MarkObjects: 1.591500 ms  DeleteObjects: 0.055300 ms)

========================================================================
Received Prepare
Registering precompiled user dll's ...
Registered in 0.003662 seconds.
Begin MonoManager ReloadAssembly
Native extension for WindowsStandalone target not found
Refreshing native plugins compatible for Editor in 0.33 ms, found 2 plugins.
Preloading 0 native plugins for Editor in 0.00 ms.
Mono: successfully reloaded assembly
- Completed reload, in  0.931 seconds
Platform modules already initialized, skipping
Refreshing native plugins compatible for Editor in 0.32 ms, found 2 plugins.
Preloading 0 native plugins for Editor in 0.00 ms.
Unloading 1425 Unused Serialized files (Serialized files now loaded: 0)
System memory in use before: 70.1 MB.
System memory in use after: 70.2 MB.

Unloading 14 unused Assets to reduce memory usage. Loaded Objects now: 1944.
Total: 2.002400 ms (FindLiveObjects: 0.156200 ms CreateObjectMapping: 0.034400 ms MarkObjects: 1.742400 ms  DeleteObjects: 0.068000 ms)

========================================================================
Received Prepare
Registering precompiled user dll's ...
Registered in 0.003684 seconds.
Begin MonoManager ReloadAssembly
Native extension for WindowsStandalone target not found
Refreshing native plugins compatible for Editor in 0.32 ms, found 2 plugins.
Preloading 0 native plugins for Editor in 0.00 ms.
Mono: successfully reloaded assembly
- Completed reload, in  0.922 seconds
Platform modules already initialized, skipping
Refreshing native plugins compatible for Editor in 0.32 ms, found 2 plugins.
Preloading 0 native plugins for Editor in 0.00 ms.
Unloading 1425 Unused Serialized files (Serialized files now loaded: 0)
System memory in use before: 70.1 MB.
System memory in use after: 70.2 MB.

Unloading 14 unused Assets to reduce memory usage. Loaded Objects now: 1947.
Total: 1.860100 ms (FindLiveObjects: 0.152800 ms CreateObjectMapping: 0.033300 ms MarkObjects: 1.615500 ms  DeleteObjects: 0.057200 ms)

========================================================================
Received Prepare
Registering precompiled user dll's ...
Registered in 0.003753 seconds.
Begin MonoManager ReloadAssembly
Native extension for WindowsStandalone target not found
Refreshing native plugins compatible for Editor in 0.34 ms, found 2 plugins.
Preloading 0 native plugins for Editor in 0.00 ms.
Mono: successfully reloaded assembly
- Completed reload, in  0.914 seconds
Platform modules already initialized, skipping
Refreshing native plugins compatible for Editor in 0.31 ms, found 2 plugins.
Preloading 0 native plugins for Editor in 0.00 ms.
Unloading 1425 Unused Serialized files (Serialized files now loaded: 0)
System memory in use before: 70.1 MB.
System memory in use after: 70.2 MB.

Unloading 14 unused Assets to reduce memory usage. Loaded Objects now: 1950.
Total: 1.875700 ms (FindLiveObjects: 0.157200 ms CreateObjectMapping: 0.032700 ms MarkObjects: 1.629700 ms  DeleteObjects: 0.054800 ms)

========================================================================
Received Prepare
Registering precompiled user dll's ...
Registered in 0.003757 seconds.
Begin MonoManager ReloadAssembly
Native extension for WindowsStandalone target not found
Refreshing native plugins compatible for Editor in 0.32 ms, found 2 plugins.
Preloading 0 native plugins for Editor in 0.00 ms.
Mono: successfully reloaded assembly
- Completed reload, in  0.954 seconds
Platform modules already initialized, skipping
Refreshing native plugins compatible for Editor in 0.33 ms, found 2 plugins.
Preloading 0 native plugins for Editor in 0.00 ms.
Unloading 1425 Unused Serialized files (Serialized files now loaded: 0)
System memory in use before: 70.1 MB.
System memory in use after: 70.2 MB.

Unloading 14 unused Assets to reduce memory usage. Loaded Objects now: 1953.
Total: 1.947300 ms (FindLiveObjects: 0.174700 ms CreateObjectMapping: 0.035200 ms MarkObjects: 1.677600 ms  DeleteObjects: 0.058900 ms)

========================================================================
Received Import Request.
  Time since last request: 776.609030 seconds.
  path: Assets/Prefabs/Heart.prefab
  artifactKey: Guid(d3c2f4ec80df31f4db053d0c114c521a) Importer(815301076,1909f56bfc062723c751e8b465ee728b)
Start importing Assets/Prefabs/Heart.prefab using Guid(d3c2f4ec80df31f4db053d0c114c521a) Importer(815301076,1909f56bfc062723c751e8b465ee728b)  -> (artifact id: 'f47a6e6490ebc078635189d734774121') in 0.028145 seconds
  Import took 0.030426 seconds .

========================================================================
Received Prepare
Registering precompiled user dll's ...
Registered in 0.003720 seconds.
Begin MonoManager ReloadAssembly
Native extension for WindowsStandalone target not found
Refreshing native plugins compatible for Editor in 0.32 ms, found 2 plugins.
Preloading 0 native plugins for Editor in 0.00 ms.
Mono: successfully reloaded assembly
- Completed reload, in  0.898 seconds
Platform modules already initialized, skipping
Refreshing native plugins compatible for Editor in 0.31 ms, found 2 plugins.
Preloading 0 native plugins for Editor in 0.00 ms.
Unloading 1425 Unused Serialized files (Serialized files now loaded: 0)
System memory in use before: 70.1 MB.
System memory in use after: 70.2 MB.

Unloading 14 unused Assets to reduce memory usage. Loaded Objects now: 1956.
Total: 1.846600 ms (FindLiveObjects: 0.147000 ms CreateObjectMapping: 0.036300 ms MarkObjects: 1.608700 ms  DeleteObjects: 0.053700 ms)

========================================================================
Received Prepare
Registering precompiled user dll's ...
Registered in 0.003655 seconds.
Begin MonoManager ReloadAssembly
Native extension for WindowsStandalone target not found
Refreshing native plugins compatible for Editor in 0.33 ms, found 2 plugins.
Preloading 0 native plugins for Editor in 0.00 ms.
Mono: successfully reloaded assembly
- Completed reload, in  0.905 seconds
Platform modules already initialized, skipping
Refreshing native plugins compatible for Editor in 0.30 ms, found 2 plugins.
Preloading 0 native plugins for Editor in 0.00 ms.
Unloading 1425 Unused Serialized files (Serialized files now loaded: 0)
System memory in use before: 70.2 MB.
System memory in use after: 70.2 MB.

Unloading 14 unused Assets to reduce memory usage. Loaded Objects now: 1959.
Total: 2.062300 ms (FindLiveObjects: 0.169900 ms CreateObjectMapping: 0.035100 ms MarkObjects: 1.791600 ms  DeleteObjects: 0.064600 ms)

========================================================================
Received Import Request.
  Time since last request: 800.541434 seconds.
  path: Assets/Scripts/Paralax.cs
  artifactKey: Guid(5ea1b0cf79e6ede47b9a717a02237f09) Importer(815301076,1909f56bfc062723c751e8b465ee728b)
Start importing Assets/Scripts/Paralax.cs using Guid(5ea1b0cf79e6ede47b9a717a02237f09) Importer(815301076,1909f56bfc062723c751e8b465ee728b)  -> (artifact id: '2882ffbd1ce540821b6520b4792e6cf1') in 0.004215 seconds
  Import took 0.006487 seconds .

========================================================================
Received Prepare
Registering precompiled user dll's ...
Registered in 0.003632 seconds.
Begin MonoManager ReloadAssembly
Native extension for WindowsStandalone target not found
Refreshing native plugins compatible for Editor in 0.35 ms, found 2 plugins.
Preloading 0 native plugins for Editor in 0.00 ms.
Mono: successfully reloaded assembly
- Completed reload, in  0.944 seconds
Platform modules already initialized, skipping
Refreshing native plugins compatible for Editor in 0.32 ms, found 2 plugins.
Preloading 0 native plugins for Editor in 0.00 ms.
Unloading 1426 Unused Serialized files (Serialized files now loaded: 0)
System memory in use before: 70.2 MB.
System memory in use after: 70.3 MB.

Unloading 14 unused Assets to reduce memory usage. Loaded Objects now: 1963.
Total: 1.859800 ms (FindLiveObjects: 0.176800 ms CreateObjectMapping: 0.032000 ms MarkObjects: 1.588900 ms  DeleteObjects: 0.060600 ms)

========================================================================
Received Import Request.
  Time since last request: 25.314862 seconds.
  path: Assets/Image/BackGround/_01_ground.png
  artifactKey: Guid(4d4645e102ebf9b4fb408daa31faf391) Importer(815301076,1909f56bfc062723c751e8b465ee728b)
Start importing Assets/Image/BackGround/_01_ground.png using Guid(4d4645e102ebf9b4fb408daa31faf391) Importer(815301076,1909f56bfc062723c751e8b465ee728b)  -> (artifact id: 'aa6f5bae0b018d87f04e62f522230859') in 0.140006 seconds
  Import took 0.143200 seconds .

========================================================================
Received Import Request.
  Time since last request: 15.795625 seconds.
  path: Assets/Image/BackGround/_01_ground.png
  artifactKey: Guid(4d4645e102ebf9b4fb408daa31faf391) Importer(815301076,1909f56bfc062723c751e8b465ee728b)
Start importing Assets/Image/BackGround/_01_ground.png using Guid(4d4645e102ebf9b4fb408daa31faf391) Importer(815301076,1909f56bfc062723c751e8b465ee728b)  -> (artifact id: '2ec5c51b1e842e9e3d2d8ca75919b48d') in 0.133814 seconds
  Import took 0.136746 seconds .

========================================================================
Received Import Request.
  Time since last request: 4.007552 seconds.
  path: Assets/Image/BackGround/_01_ground.png
  artifactKey: Guid(4d4645e102ebf9b4fb408daa31faf391) Importer(815301076,1909f56bfc062723c751e8b465ee728b)
Start importing Assets/Image/BackGround/_01_ground.png using Guid(4d4645e102ebf9b4fb408daa31faf391) Importer(815301076,1909f56bfc062723c751e8b465ee728b)  -> (artifact id: '58d3f4b0eff817e8f8b1d0db9c3c5b8e') in 0.020647 seconds
  Import took 0.024136 seconds .

========================================================================
Received Import Request.
  Time since last request: 53.581513 seconds.
  path: Assets/Image/BackGround/_01_ground.png
  artifactKey: Guid(4d4645e102ebf9b4fb408daa31faf391) Importer(815301076,1909f56bfc062723c751e8b465ee728b)
Start importing Assets/Image/BackGround/_01_ground.png using Guid(4d4645e102ebf9b4fb408daa31faf391) Importer(815301076,1909f56bfc062723c751e8b465ee728b)  -> (artifact id: '51ee9061351a22b760720228655f01ee') in 0.020166 seconds
  Import took 0.023477 seconds .

========================================================================
Received Import Request.
  Time since last request: 35.115055 seconds.
  path: Assets/Image/BackGround/_01_ground.png
  artifactKey: Guid(4d4645e102ebf9b4fb408daa31faf391) Importer(815301076,1909f56bfc062723c751e8b465ee728b)
Start importing Assets/Image/BackGround/_01_ground.png using Guid(4d4645e102ebf9b4fb408daa31faf391) Importer(815301076,1909f56bfc062723c751e8b465ee728b)  -> (artifact id: 'b7a8390adf51566dac933780432d1381') in 0.024274 seconds
  Import took 0.027411 seconds .

========================================================================
Received Import Request.
  Time since last request: 11.647887 seconds.
  path: Assets/Image/BackGround/_02_trees and bushes.png
  artifactKey: Guid(04851c990580b7c44831b31b62e25ca7) Importer(815301076,1909f56bfc062723c751e8b465ee728b)
Start importing Assets/Image/BackGround/_02_trees and bushes.png using Guid(04851c990580b7c44831b31b62e25ca7) Importer(815301076,1909f56bfc062723c751e8b465ee728b)  -> (artifact id: 'a4444994c02f3b80adef273eb4eda609') in 0.025085 seconds
  Import took 0.028365 seconds .

========================================================================
Received Import Request.
  Time since last request: 5.686941 seconds.
  path: Assets/Image/BackGround/_03_distant_trees.png
  artifactKey: Guid(45eb83ae752f9f34e9a7b85c80de2b4e) Importer(815301076,1909f56bfc062723c751e8b465ee728b)
Start importing Assets/Image/BackGround/_03_distant_trees.png using Guid(45eb83ae752f9f34e9a7b85c80de2b4e) Importer(815301076,1909f56bfc062723c751e8b465ee728b)  -> (artifact id: '571001de5f915187e5ee4e1f3f9ba2cf') in 0.024702 seconds
  Import took 0.027919 seconds .

========================================================================
Received Import Request.
  Time since last request: 15.035187 seconds.
  path: Assets/Image/BackGround/_04_bushes.png
  artifactKey: Guid(796f0cdefb0dae3469a2d0ae1c49face) Importer(815301076,1909f56bfc062723c751e8b465ee728b)
Start importing Assets/Image/BackGround/_04_bushes.png using Guid(796f0cdefb0dae3469a2d0ae1c49face) Importer(815301076,1909f56bfc062723c751e8b465ee728b)  -> (artifact id: '560b45775e365aac3e3f7fae5e317df8') in 0.026635 seconds
  Import took 0.029795 seconds .

========================================================================
Received Import Request.
  Time since last request: 6.228298 seconds.
  path: Assets/Image/BackGround/_05_hill1.png
  artifactKey: Guid(7ca16617437e9cf46b7ecbf7853db0d3) Importer(815301076,1909f56bfc062723c751e8b465ee728b)
Start importing Assets/Image/BackGround/_05_hill1.png using Guid(7ca16617437e9cf46b7ecbf7853db0d3) Importer(815301076,1909f56bfc062723c751e8b465ee728b)  -> (artifact id: '0bb35658ef8a82be5fe8972e26112bc1') in 0.024589 seconds
  Import took 0.028100 seconds .

========================================================================
Received Import Request.
  Time since last request: 4.286694 seconds.
  path: Assets/Image/BackGround/_06_hill2.png
  artifactKey: Guid(1dff76583a07f804bad31c2ab9e8075d) Importer(815301076,1909f56bfc062723c751e8b465ee728b)
Start importing Assets/Image/BackGround/_06_hill2.png using Guid(1dff76583a07f804bad31c2ab9e8075d) Importer(815301076,1909f56bfc062723c751e8b465ee728b)  -> (artifact id: '762ddd495ca69bbcc3dc70ba4b923f2c') in 0.026354 seconds
  Import took 0.029504 seconds .

========================================================================
Received Import Request.
  Time since last request: 5.930614 seconds.
  path: Assets/Image/BackGround/_07_huge_clouds.png
  artifactKey: Guid(f85678ebe6c5c3541bf09f5a8ba7b420) Importer(815301076,1909f56bfc062723c751e8b465ee728b)
Start importing Assets/Image/BackGround/_07_huge_clouds.png using Guid(f85678ebe6c5c3541bf09f5a8ba7b420) Importer(815301076,1909f56bfc062723c751e8b465ee728b)  -> (artifact id: '832408c8887e26413be71bda8dbe550b') in 0.026285 seconds
  Import took 0.029519 seconds .

========================================================================
Received Import Request.
  Time since last request: 38.125652 seconds.
  path: Assets/Image/BackGround/_08_clouds.png
  artifactKey: Guid(e2fab5f9fc9552547bbdf385a3bc0b8f) Importer(815301076,1909f56bfc062723c751e8b465ee728b)
Start importing Assets/Image/BackGround/_08_clouds.png using Guid(e2fab5f9fc9552547bbdf385a3bc0b8f) Importer(815301076,1909f56bfc062723c751e8b465ee728b)  -> (artifact id: '3a737fe42b910a81a24b34b224c275d5') in 0.026126 seconds
  Import took 0.029497 seconds .

========================================================================
Received Import Request.
  Time since last request: 4.647541 seconds.
  path: Assets/Image/BackGround/_09_distant_clouds1.png
  artifactKey: Guid(d4e9baf8eaf11924aa8fb7ec591f17fb) Importer(815301076,1909f56bfc062723c751e8b465ee728b)
Start importing Assets/Image/BackGround/_09_distant_clouds1.png using Guid(d4e9baf8eaf11924aa8fb7ec591f17fb) Importer(815301076,1909f56bfc062723c751e8b465ee728b)  -> (artifact id: 'b9664c3bf280afa77529e3262bf3caef') in 0.027081 seconds
  Import took 0.030169 seconds .

========================================================================
Received Import Request.
  Time since last request: 11.385585 seconds.
  path: Assets/Image/BackGround/_10_distant_clouds.png
  artifactKey: Guid(60efcae032c6cd54984c22673d4a1661) Importer(815301076,1909f56bfc062723c751e8b465ee728b)
Start importing Assets/Image/BackGround/_10_distant_clouds.png using Guid(60efcae032c6cd54984c22673d4a1661) Importer(815301076,1909f56bfc062723c751e8b465ee728b)  -> (artifact id: 'b76ef220833d62ccd62ede1af90a51c4') in 0.021092 seconds
  Import took 0.024264 seconds .

========================================================================
Received Import Request.
  Time since last request: 5.959067 seconds.
  path: Assets/Image/BackGround/_11_background.png
  artifactKey: Guid(c760fd080511fe9409adc8674d38732f) Importer(815301076,1909f56bfc062723c751e8b465ee728b)
Start importing Assets/Image/BackGround/_11_background.png using Guid(c760fd080511fe9409adc8674d38732f) Importer(815301076,1909f56bfc062723c751e8b465ee728b)  -> (artifact id: '149bfc54f79f302ab896852852624120') in 0.024051 seconds
  Import took 0.026768 seconds .

========================================================================
Received Prepare
Registering precompiled user dll's ...
Registered in 0.003610 seconds.
Begin MonoManager ReloadAssembly
Native extension for WindowsStandalone target not found
Refreshing native plugins compatible for Editor in 0.31 ms, found 2 plugins.
Preloading 0 native plugins for Editor in 0.00 ms.
Mono: successfully reloaded assembly
- Completed reload, in  0.930 seconds
Platform modules already initialized, skipping
Refreshing native plugins compatible for Editor in 0.31 ms, found 2 plugins.
Preloading 0 native plugins for Editor in 0.00 ms.
Unloading 1426 Unused Serialized files (Serialized files now loaded: 0)
System memory in use before: 70.2 MB.
System memory in use after: 70.3 MB.

Unloading 14 unused Assets to reduce memory usage. Loaded Objects now: 1966.
Total: 1.893000 ms (FindLiveObjects: 0.162900 ms CreateObjectMapping: 0.032700 ms MarkObjects: 1.638600 ms  DeleteObjects: 0.057800 ms)

========================================================================
Received Import Request.
  Time since last request: 529.747317 seconds.
  path: Assets/Scripts/Paralax.cs
  artifactKey: Guid(5ea1b0cf79e6ede47b9a717a02237f09) Importer(815301076,1909f56bfc062723c751e8b465ee728b)
Start importing Assets/Scripts/Paralax.cs using Guid(5ea1b0cf79e6ede47b9a717a02237f09) Importer(815301076,1909f56bfc062723c751e8b465ee728b)  -> (artifact id: '80c4c2c98886a0de6f240df00a411de2') in 0.004111 seconds
  Import took 0.006369 seconds .

========================================================================
Received Prepare
Registering precompiled user dll's ...
Registered in 0.003633 seconds.
Begin MonoManager ReloadAssembly
Native extension for WindowsStandalone target not found
Refreshing native plugins compatible for Editor in 0.31 ms, found 2 plugins.
Preloading 0 native plugins for Editor in 0.00 ms.
Mono: successfully reloaded assembly
- Completed reload, in  0.908 seconds
Platform modules already initialized, skipping
Refreshing native plugins compatible for Editor in 0.30 ms, found 2 plugins.
Preloading 0 native plugins for Editor in 0.00 ms.
Unloading 1426 Unused Serialized files (Serialized files now loaded: 0)
System memory in use before: 70.2 MB.
System memory in use after: 70.3 MB.

Unloading 14 unused Assets to reduce memory usage. Loaded Objects now: 1969.
Total: 1.815900 ms (FindLiveObjects: 0.158800 ms CreateObjectMapping: 0.033300 ms MarkObjects: 1.565200 ms  DeleteObjects: 0.057700 ms)

========================================================================
Received Prepare
Registering precompiled user dll's ...
Registered in 0.003624 seconds.
Begin MonoManager ReloadAssembly
Native extension for WindowsStandalone target not found
Refreshing native plugins compatible for Editor in 0.32 ms, found 2 plugins.
Preloading 0 native plugins for Editor in 0.00 ms.
Mono: successfully reloaded assembly
- Completed reload, in  0.890 seconds
Platform modules already initialized, skipping
Refreshing native plugins compatible for Editor in 0.30 ms, found 2 plugins.
Preloading 0 native plugins for Editor in 0.00 ms.
Unloading 1426 Unused Serialized files (Serialized files now loaded: 0)
System memory in use before: 70.2 MB.
System memory in use after: 70.3 MB.

Unloading 14 unused Assets to reduce memory usage. Loaded Objects now: 1972.
Total: 1.815900 ms (FindLiveObjects: 0.147800 ms CreateObjectMapping: 0.033300 ms MarkObjects: 1.578500 ms  DeleteObjects: 0.055500 ms)

AssetImportWorkerClient::OnTransportError - code=2 error=End of file
