Using pre-set license
Built from '2020.3/staging' branch; Version is '2020.3.11f1 (99c7afb366b3) revision 10078127'; Using compiler version '192528614'; Build Type 'Release'
OS: 'Windows 10 Pro; OS build 19043.1052; Version 2009; 64bit' Language: 'ru' Physical Memory: 16335 MB
BatchMode: 1, IsHumanControllingUs: 0, StartBugReporterOnCrash: 0, Is64bit: 1, IsPro: 0

 COMMAND LINE ARGUMENTS:
C:\Program Files\Unity\Hub\Editor\2020.3.11f1\Editor\Unity.exe
-adb2
-batchMode
-noUpm
-name
AssetImportWorker0
-projectPath
C:/UnityProject/TarkovBullet/RunerGame
-logFile
Logs/AssetImportWorker0.log
-srvPort
52053
Successfully changed project path to: C:/UnityProject/TarkovBullet/RunerGame
C:/UnityProject/TarkovBullet/RunerGame
Using Asset Import Pipeline V2.
Refreshing native plugins compatible for Editor in 28.92 ms, found 2 plugins.
Preloading 0 native plugins for Editor in 0.00 ms.
Initialize engine version: 2020.3.11f1 (99c7afb366b3)
[Subsystems] Discovering subsystems at path C:/Program Files/Unity/Hub/Editor/2020.3.11f1/Editor/Data/Resources/UnitySubsystems
[Subsystems] Discovering subsystems at path C:/UnityProject/TarkovBullet/RunerGame/Assets
GfxDevice: creating device client; threaded=0
Direct3D:
    Version:  Direct3D 11.0 [level 11.1]
    Renderer: Radeon RX 580 Series (ID=0x67df)
    Vendor:   
    VRAM:     8171 MB
    Driver:   27.20.21003.8013
Initialize mono
Mono path[0] = 'C:/Program Files/Unity/Hub/Editor/2020.3.11f1/Editor/Data/Managed'
Mono path[1] = 'C:/Program Files/Unity/Hub/Editor/2020.3.11f1/Editor/Data/MonoBleedingEdge/lib/mono/unityjit'
Mono config path = 'C:/Program Files/Unity/Hub/Editor/2020.3.11f1/Editor/Data/MonoBleedingEdge/etc'
Using monoOptions --debugger-agent=transport=dt_socket,embedding=1,server=y,suspend=n,address=127.0.0.1:56192
Begin MonoManager ReloadAssembly
Registering precompiled unity dll's ...
Register platform support module: C:/Program Files/Unity/Hub/Editor/2020.3.11f1/Editor/Data/PlaybackEngines/WindowsStandaloneSupport/UnityEditor.WindowsStandalone.Extensions.dll
Registered in 0.002196 seconds.
Native extension for WindowsStandalone target not found
Refreshing native plugins compatible for Editor in 27.03 ms, found 2 plugins.
Preloading 0 native plugins for Editor in 0.00 ms.
Mono: successfully reloaded assembly
- Completed reload, in  1.304 seconds
Platform modules already initialized, skipping
Registering precompiled user dll's ...
Registered in 0.004038 seconds.
Begin MonoManager ReloadAssembly
Native extension for WindowsStandalone target not found
Refreshing native plugins compatible for Editor in 0.35 ms, found 2 plugins.
Preloading 0 native plugins for Editor in 0.00 ms.
Mono: successfully reloaded assembly
- Completed reload, in  1.033 seconds
Platform modules already initialized, skipping
========================================================================
Worker process is ready to serve import requests
Launched and connected shader compiler UnityShaderCompiler.exe after 0.04 seconds
Refreshing native plugins compatible for Editor in 0.32 ms, found 2 plugins.
Preloading 0 native plugins for Editor in 0.00 ms.
Unloading 1386 Unused Serialized files (Serialized files now loaded: 0)
System memory in use before: 64.6 MB.
System memory in use after: 64.7 MB.

Unloading 19 unused Assets to reduce memory usage. Loaded Objects now: 1819.
Total: 1.848900 ms (FindLiveObjects: 0.161200 ms CreateObjectMapping: 0.032300 ms MarkObjects: 1.578900 ms  DeleteObjects: 0.075200 ms)

========================================================================
Received Import Request.
  path: Assets
  artifactKey: Guid(00000000000000001000000000000000) Importer(815301076,1909f56bfc062723c751e8b465ee728b)
Start importing Assets using Guid(00000000000000001000000000000000) Importer(815301076,1909f56bfc062723c751e8b465ee728b)  -> (artifact id: '42d402b061de3733987d63b9cc3b64de') in 0.004030 seconds
  Import took 0.006068 seconds .

========================================================================
Received Import Request.
  Time since last request: 5.415325 seconds.
  path: Assets/Sprite
  artifactKey: Guid(c093c7d34c6e7234c8cb8b143a9e17ed) Importer(815301076,1909f56bfc062723c751e8b465ee728b)
Start importing Assets/Sprite using Guid(c093c7d34c6e7234c8cb8b143a9e17ed) Importer(815301076,1909f56bfc062723c751e8b465ee728b)  -> (artifact id: '638c9077f38fcced92f464066eb4359f') in 0.001827 seconds
  Import took 0.003885 seconds .

========================================================================
Received Import Request.
  Time since last request: 11.552037 seconds.
  path: Assets/Sprite/4a8d833637bcc9b.png
  artifactKey: Guid(057ee548786bfc34787f335c99bddc71) Importer(815301076,1909f56bfc062723c751e8b465ee728b)
Start importing Assets/Sprite/4a8d833637bcc9b.png using Guid(057ee548786bfc34787f335c99bddc71) Importer(815301076,1909f56bfc062723c751e8b465ee728b)  -> (artifact id: '622ad7f9377530b49f893d3526fac705') in 0.113208 seconds
  Import took 0.115659 seconds .

========================================================================
Received Import Request.
  Time since last request: 0.000150 seconds.
  path: Assets/Sprite/png-transparent-crocodiles-green-crocodile-animals-png-graphics-grass.png
  artifactKey: Guid(453cf26fb56204048adc2325fa29dd6c) Importer(815301076,1909f56bfc062723c751e8b465ee728b)
Start importing Assets/Sprite/png-transparent-crocodiles-green-crocodile-animals-png-graphics-grass.png using Guid(453cf26fb56204048adc2325fa29dd6c) Importer(815301076,1909f56bfc062723c751e8b465ee728b)  -> (artifact id: '82d5cf3388c772b20c039f1de4c0f9ea') in 0.009656 seconds
  Import took 0.011577 seconds .

========================================================================
Received Import Request.
  Time since last request: 16.944441 seconds.
  path: Assets/Sprite/png-transparent-crocodiles-green-crocodile-animals-png-graphics-grass.png
  artifactKey: Guid(453cf26fb56204048adc2325fa29dd6c) Importer(815301076,1909f56bfc062723c751e8b465ee728b)
Start importing Assets/Sprite/png-transparent-crocodiles-green-crocodile-animals-png-graphics-grass.png using Guid(453cf26fb56204048adc2325fa29dd6c) Importer(815301076,1909f56bfc062723c751e8b465ee728b)  -> (artifact id: 'ee1085dcdd643bc09d093df8104ccb6d') in 0.041237 seconds
  Import took 0.043512 seconds .

========================================================================
Received Import Request.
  Time since last request: 28.649562 seconds.
  path: Assets/Sprite/4a8d833637bcc9b.png
  artifactKey: Guid(057ee548786bfc34787f335c99bddc71) Importer(815301076,1909f56bfc062723c751e8b465ee728b)
Start importing Assets/Sprite/4a8d833637bcc9b.png using Guid(057ee548786bfc34787f335c99bddc71) Importer(815301076,1909f56bfc062723c751e8b465ee728b)  -> (artifact id: '665d6e0babcaa02cd367322895f4c00e') in 0.008753 seconds
  Import took 0.011356 seconds .

========================================================================
Received Prepare
Registering precompiled user dll's ...
Registered in 0.003606 seconds.
Begin MonoManager ReloadAssembly
Native extension for WindowsStandalone target not found
Refreshing native plugins compatible for Editor in 0.33 ms, found 2 plugins.
Preloading 0 native plugins for Editor in 0.00 ms.
Mono: successfully reloaded assembly
- Completed reload, in  0.900 seconds
Platform modules already initialized, skipping
Refreshing native plugins compatible for Editor in 0.31 ms, found 2 plugins.
Preloading 0 native plugins for Editor in 0.00 ms.
Unloading 1381 Unused Serialized files (Serialized files now loaded: 0)
System memory in use before: 67.6 MB.
System memory in use after: 67.7 MB.

Unloading 14 unused Assets to reduce memory usage. Loaded Objects now: 1828.
Total: 1.755100 ms (FindLiveObjects: 0.135700 ms CreateObjectMapping: 0.031100 ms MarkObjects: 1.539100 ms  DeleteObjects: 0.048200 ms)

========================================================================
Received Import Request.
  Time since last request: 184.935401 seconds.
  path: Assets/Sprite/gratis-png-cocodrilo-cocodrilo-de-dibujos-animados-cocodrilo-verde.png
  artifactKey: Guid(591b9e42612aea34eaf2f6700654106f) Importer(815301076,1909f56bfc062723c751e8b465ee728b)
Start importing Assets/Sprite/gratis-png-cocodrilo-cocodrilo-de-dibujos-animados-cocodrilo-verde.png using Guid(591b9e42612aea34eaf2f6700654106f) Importer(815301076,1909f56bfc062723c751e8b465ee728b)  -> (artifact id: '552d2141640875235891cb7a03fbcf5c') in 0.027959 seconds
  Import took 0.030028 seconds .

========================================================================
Received Import Request.
  Time since last request: 9.299532 seconds.
  path: Assets/Sprite/gratis-png-cocodrilo-cocodrilo-de-dibujos-animados-cocodrilo-verde.png
  artifactKey: Guid(591b9e42612aea34eaf2f6700654106f) Importer(815301076,1909f56bfc062723c751e8b465ee728b)
Start importing Assets/Sprite/gratis-png-cocodrilo-cocodrilo-de-dibujos-animados-cocodrilo-verde.png using Guid(591b9e42612aea34eaf2f6700654106f) Importer(815301076,1909f56bfc062723c751e8b465ee728b)  -> (artifact id: '3a4a80797c5fa1c57a009af3669f3d82') in 0.028767 seconds
  Import took 0.030956 seconds .

========================================================================
Received Import Request.
  Time since last request: 126.833024 seconds.
  path: Assets/Sprite/Krokodil-AB-fuer-Animation1050p-eben_reduziert_geschaerft.gif
  artifactKey: Guid(eb9f3a765f94b75449c3009eb95a12cb) Importer(815301076,1909f56bfc062723c751e8b465ee728b)
Start importing Assets/Sprite/Krokodil-AB-fuer-Animation1050p-eben_reduziert_geschaerft.gif using Guid(eb9f3a765f94b75449c3009eb95a12cb) Importer(815301076,1909f56bfc062723c751e8b465ee728b)  -> (artifact id: 'f1c2912fe8d6f9f0fafdf113b09fbc07') in 0.008899 seconds
  Import took 0.011180 seconds .

========================================================================
Received Import Request.
  Time since last request: 5.181765 seconds.
  path: Assets/Sprite/Krokodil-AB-fuer-Animation1050p-eben_reduziert_geschaerft.gif
  artifactKey: Guid(eb9f3a765f94b75449c3009eb95a12cb) Importer(815301076,1909f56bfc062723c751e8b465ee728b)
Start importing Assets/Sprite/Krokodil-AB-fuer-Animation1050p-eben_reduziert_geschaerft.gif using Guid(eb9f3a765f94b75449c3009eb95a12cb) Importer(815301076,1909f56bfc062723c751e8b465ee728b)  -> (artifact id: 'c830133eca19df91cc0447d3dd7afd8f') in 0.010864 seconds
  Import took 0.013249 seconds .

========================================================================
Received Import Request.
  Time since last request: 0.000414 seconds.
  path: Assets/Sprite/Krokodil-AB-fuer-Animation1050p-eben_reduziert_geschaerft.gif
  artifactKey: Guid(eb9f3a765f94b75449c3009eb95a12cb) Importer(815301076,1909f56bfc062723c751e8b465ee728b)
Start importing Assets/Sprite/Krokodil-AB-fuer-Animation1050p-eben_reduziert_geschaerft.gif using Guid(eb9f3a765f94b75449c3009eb95a12cb) Importer(815301076,1909f56bfc062723c751e8b465ee728b)  -> (artifact id: 'c830133eca19df91cc0447d3dd7afd8f') in 0.008379 seconds
  Import took 0.010590 seconds .

========================================================================
Received Prepare
Registering precompiled user dll's ...
Registered in 0.004095 seconds.
Begin MonoManager ReloadAssembly
Native extension for WindowsStandalone target not found
Refreshing native plugins compatible for Editor in 0.33 ms, found 2 plugins.
Preloading 0 native plugins for Editor in 0.00 ms.
Mono: successfully reloaded assembly
- Completed reload, in  0.948 seconds
Platform modules already initialized, skipping
Refreshing native plugins compatible for Editor in 0.33 ms, found 2 plugins.
Preloading 0 native plugins for Editor in 0.00 ms.
Unloading 1415 Unused Serialized files (Serialized files now loaded: 0)
System memory in use before: 68.7 MB.
System memory in use after: 68.8 MB.

Unloading 14 unused Assets to reduce memory usage. Loaded Objects now: 1869.
Total: 2.039100 ms (FindLiveObjects: 0.145000 ms CreateObjectMapping: 0.031700 ms MarkObjects: 1.763700 ms  DeleteObjects: 0.097500 ms)

========================================================================
Received Import Request.
  Time since last request: 1564.770073 seconds.
  path: Assets/Sprite/Krokodil-AB-fuer-Animation1050p-eben_reduziert_geschaerft.gif
  artifactKey: Guid(eb9f3a765f94b75449c3009eb95a12cb) Importer(815301076,1909f56bfc062723c751e8b465ee728b)
Start importing Assets/Sprite/Krokodil-AB-fuer-Animation1050p-eben_reduziert_geschaerft.gif using Guid(eb9f3a765f94b75449c3009eb95a12cb) Importer(815301076,1909f56bfc062723c751e8b465ee728b)  -> (artifact id: '9cd087b7c48b053ba733f55d4e0f7103') in 0.060996 seconds
  Import took 0.063990 seconds .

========================================================================
Received Prepare
Registering precompiled user dll's ...
Registered in 0.004081 seconds.
Begin MonoManager ReloadAssembly
Native extension for WindowsStandalone target not found
Refreshing native plugins compatible for Editor in 0.36 ms, found 2 plugins.
Preloading 0 native plugins for Editor in 0.00 ms.
Mono: successfully reloaded assembly
- Completed reload, in  0.938 seconds
Platform modules already initialized, skipping
Refreshing native plugins compatible for Editor in 0.32 ms, found 2 plugins.
Preloading 0 native plugins for Editor in 0.00 ms.
Unloading 1415 Unused Serialized files (Serialized files now loaded: 0)
System memory in use before: 68.8 MB.
System memory in use after: 68.8 MB.

Unloading 14 unused Assets to reduce memory usage. Loaded Objects now: 1873.
Total: 1.860200 ms (FindLiveObjects: 0.132300 ms CreateObjectMapping: 0.032900 ms MarkObjects: 1.639300 ms  DeleteObjects: 0.054800 ms)

========================================================================
Received Import Request.
  Time since last request: 39.729237 seconds.
  path: Assets/Sprite/Krokodil-AB-fuer-Animation1050p-eben_reduziert_geschaerft.gif
  artifactKey: Guid(eb9f3a765f94b75449c3009eb95a12cb) Importer(815301076,1909f56bfc062723c751e8b465ee728b)
Start importing Assets/Sprite/Krokodil-AB-fuer-Animation1050p-eben_reduziert_geschaerft.gif using Guid(eb9f3a765f94b75449c3009eb95a12cb) Importer(815301076,1909f56bfc062723c751e8b465ee728b)  -> (artifact id: 'b284dbf21f9492f938896b241056cc37') in 0.030248 seconds
  Import took 0.032432 seconds .

========================================================================
Received Import Request.
  Time since last request: 9.017695 seconds.
  path: Assets/Sprite/Krokodil-AB-fuer-Animation1050p-eben_reduziert_geschaerft.gif
  artifactKey: Guid(eb9f3a765f94b75449c3009eb95a12cb) Importer(815301076,1909f56bfc062723c751e8b465ee728b)
Start importing Assets/Sprite/Krokodil-AB-fuer-Animation1050p-eben_reduziert_geschaerft.gif using Guid(eb9f3a765f94b75449c3009eb95a12cb) Importer(815301076,1909f56bfc062723c751e8b465ee728b)  -> (artifact id: '5d96e5d02ff8a2777c2b4432abddf9df') in 0.027090 seconds
  Import took 0.029429 seconds .

========================================================================
Received Import Request.
  Time since last request: 230.711760 seconds.
  path: Assets/Scripts
  artifactKey: Guid(3012773b7dade574890d3ab40f3a1aac) Importer(815301076,1909f56bfc062723c751e8b465ee728b)
Start importing Assets/Scripts using Guid(3012773b7dade574890d3ab40f3a1aac) Importer(815301076,1909f56bfc062723c751e8b465ee728b)  -> (artifact id: 'b3ed75ee817adccb706784e6ccd5454b') in 0.001964 seconds
  Import took 0.004340 seconds .

========================================================================
Received Import Request.
  Time since last request: 17.683988 seconds.
  path: Assets/Scripts/NewBehaviourScript.cs
  artifactKey: Guid(0a92368894d086a4ba8f8bfb8c5320c2) Importer(815301076,1909f56bfc062723c751e8b465ee728b)
Start importing Assets/Scripts/NewBehaviourScript.cs using Guid(0a92368894d086a4ba8f8bfb8c5320c2) Importer(815301076,1909f56bfc062723c751e8b465ee728b)  -> (artifact id: 'af34d82d2b49c8285b99b3415f9a3d30') in 0.082302 seconds
  Import took 0.084465 seconds .

========================================================================
Received Prepare
Registering precompiled user dll's ...
Registered in 0.003674 seconds.
Begin MonoManager ReloadAssembly
Native extension for WindowsStandalone target not found
Refreshing native plugins compatible for Editor in 0.33 ms, found 2 plugins.
Preloading 0 native plugins for Editor in 0.00 ms.
Mono: successfully reloaded assembly
- Completed reload, in  0.920 seconds
Platform modules already initialized, skipping
Refreshing native plugins compatible for Editor in 0.32 ms, found 2 plugins.
Preloading 0 native plugins for Editor in 0.00 ms.
Unloading 1415 Unused Serialized files (Serialized files now loaded: 0)
System memory in use before: 68.8 MB.
System memory in use after: 68.9 MB.

Unloading 14 unused Assets to reduce memory usage. Loaded Objects now: 1879.
Total: 1.841400 ms (FindLiveObjects: 0.154900 ms CreateObjectMapping: 0.031600 ms MarkObjects: 1.598100 ms  DeleteObjects: 0.055900 ms)

========================================================================
Received Import Request.
  Time since last request: 11.169619 seconds.
  path: Assets/Scripts/Player
  artifactKey: Guid(4f329715d25280e458403d28954f9538) Importer(815301076,1909f56bfc062723c751e8b465ee728b)
Start importing Assets/Scripts/Player using Guid(4f329715d25280e458403d28954f9538) Importer(815301076,1909f56bfc062723c751e8b465ee728b)  -> (artifact id: '0cb964a843f339726741b09d80358d2c') in 0.003992 seconds
  Import took 0.006128 seconds .

========================================================================
Received Import Request.
  Time since last request: 0.007505 seconds.
  path: Assets/Scripts/Player
  artifactKey: Guid(4f329715d25280e458403d28954f9538) Importer(815301076,1909f56bfc062723c751e8b465ee728b)
Start importing Assets/Scripts/Player using Guid(4f329715d25280e458403d28954f9538) Importer(815301076,1909f56bfc062723c751e8b465ee728b)  -> (artifact id: '0cb964a843f339726741b09d80358d2c') in 0.001684 seconds
  Import took 0.003980 seconds .

========================================================================
Received Import Request.
  Time since last request: 17.937001 seconds.
  path: Assets/Scripts/Player/Player.cs
  artifactKey: Guid(c388b8cdf26990c40b89af76b0bb6775) Importer(815301076,1909f56bfc062723c751e8b465ee728b)
Start importing Assets/Scripts/Player/Player.cs using Guid(c388b8cdf26990c40b89af76b0bb6775) Importer(815301076,1909f56bfc062723c751e8b465ee728b)  -> (artifact id: 'c2d57b243b249c84cbb6fe256dea0833') in 0.001676 seconds
  Import took 0.003736 seconds .

========================================================================
Received Import Request.
  Time since last request: 0.000365 seconds.
  path: Assets/Scripts/Player/Player.cs
  artifactKey: Guid(c388b8cdf26990c40b89af76b0bb6775) Importer(815301076,1909f56bfc062723c751e8b465ee728b)
Start importing Assets/Scripts/Player/Player.cs using Guid(c388b8cdf26990c40b89af76b0bb6775) Importer(815301076,1909f56bfc062723c751e8b465ee728b)  -> (artifact id: 'c2d57b243b249c84cbb6fe256dea0833') in 0.001477 seconds
  Import took 0.003096 seconds .

========================================================================
Received Prepare
Registering precompiled user dll's ...
Registered in 0.003656 seconds.
Begin MonoManager ReloadAssembly
Native extension for WindowsStandalone target not found
Refreshing native plugins compatible for Editor in 0.43 ms, found 2 plugins.
Preloading 0 native plugins for Editor in 0.00 ms.
Mono: successfully reloaded assembly
- Completed reload, in  0.930 seconds
Platform modules already initialized, skipping
Refreshing native plugins compatible for Editor in 0.32 ms, found 2 plugins.
Preloading 0 native plugins for Editor in 0.00 ms.
Unloading 1416 Unused Serialized files (Serialized files now loaded: 0)
System memory in use before: 68.8 MB.
System memory in use after: 68.9 MB.

Unloading 14 unused Assets to reduce memory usage. Loaded Objects now: 1883.
Total: 2.153400 ms (FindLiveObjects: 0.141400 ms CreateObjectMapping: 0.032200 ms MarkObjects: 1.919200 ms  DeleteObjects: 0.059400 ms)

========================================================================
Received Prepare
Registering precompiled user dll's ...
Registered in 0.005263 seconds.
Begin MonoManager ReloadAssembly
Native extension for WindowsStandalone target not found
Refreshing native plugins compatible for Editor in 0.34 ms, found 2 plugins.
Preloading 0 native plugins for Editor in 0.00 ms.
Mono: successfully reloaded assembly
- Completed reload, in  0.920 seconds
Platform modules already initialized, skipping
Refreshing native plugins compatible for Editor in 0.33 ms, found 2 plugins.
Preloading 0 native plugins for Editor in 0.00 ms.
Unloading 1416 Unused Serialized files (Serialized files now loaded: 0)
System memory in use before: 68.8 MB.
System memory in use after: 68.9 MB.

Unloading 14 unused Assets to reduce memory usage. Loaded Objects now: 1886.
Total: 1.840400 ms (FindLiveObjects: 0.149900 ms CreateObjectMapping: 0.032200 ms MarkObjects: 1.604200 ms  DeleteObjects: 0.053400 ms)

========================================================================
Received Import Request.
  Time since last request: 187.411888 seconds.
  path: Assets/Scripts/Player/Player.cs
  artifactKey: Guid(c388b8cdf26990c40b89af76b0bb6775) Importer(815301076,1909f56bfc062723c751e8b465ee728b)
Start importing Assets/Scripts/Player/Player.cs using Guid(c388b8cdf26990c40b89af76b0bb6775) Importer(815301076,1909f56bfc062723c751e8b465ee728b)  -> (artifact id: '78b5456dd42ad146c2955d7f0d16a159') in 0.004282 seconds
  Import took 0.006464 seconds .

========================================================================
Received Import Request.
  Time since last request: 13.548468 seconds.
  path: Assets/Scripts/Player/PlayerMover.cs
  artifactKey: Guid(dc07867bdfee9764b8f7d62bf16a6242) Importer(815301076,1909f56bfc062723c751e8b465ee728b)
Start importing Assets/Scripts/Player/PlayerMover.cs using Guid(dc07867bdfee9764b8f7d62bf16a6242) Importer(815301076,1909f56bfc062723c751e8b465ee728b)  -> (artifact id: '7b8e390fb567eb1b02ac95db7a677535') in 0.001932 seconds
  Import took 0.004142 seconds .

========================================================================
Received Prepare
Registering precompiled user dll's ...
Registered in 0.003610 seconds.
Begin MonoManager ReloadAssembly
Native extension for WindowsStandalone target not found
Refreshing native plugins compatible for Editor in 0.34 ms, found 2 plugins.
Preloading 0 native plugins for Editor in 0.00 ms.
Mono: successfully reloaded assembly
- Completed reload, in  0.927 seconds
Platform modules already initialized, skipping
Refreshing native plugins compatible for Editor in 0.32 ms, found 2 plugins.
Preloading 0 native plugins for Editor in 0.00 ms.
Unloading 1417 Unused Serialized files (Serialized files now loaded: 0)
System memory in use before: 68.9 MB.
System memory in use after: 68.9 MB.

Unloading 14 unused Assets to reduce memory usage. Loaded Objects now: 1890.
Total: 1.790200 ms (FindLiveObjects: 0.151700 ms CreateObjectMapping: 0.032000 ms MarkObjects: 1.555100 ms  DeleteObjects: 0.050500 ms)

========================================================================
Received Import Request.
  Time since last request: 11.672152 seconds.
  path: Assets/Scripts/Player/PlayerInput.cs
  artifactKey: Guid(f405c0770c026794c98137e751b683cc) Importer(815301076,1909f56bfc062723c751e8b465ee728b)
Start importing Assets/Scripts/Player/PlayerInput.cs using Guid(f405c0770c026794c98137e751b683cc) Importer(815301076,1909f56bfc062723c751e8b465ee728b)  -> (artifact id: 'f4a1805df289cbaae4be6b04c0094b3d') in 0.004365 seconds
  Import took 0.006657 seconds .

========================================================================
Received Import Request.
  Time since last request: 0.000661 seconds.
  path: Assets/Scripts/Player/PlayerInput.cs
  artifactKey: Guid(f405c0770c026794c98137e751b683cc) Importer(815301076,1909f56bfc062723c751e8b465ee728b)
Start importing Assets/Scripts/Player/PlayerInput.cs using Guid(f405c0770c026794c98137e751b683cc) Importer(815301076,1909f56bfc062723c751e8b465ee728b)  -> (artifact id: 'f4a1805df289cbaae4be6b04c0094b3d') in 0.001886 seconds
  Import took 0.004108 seconds .

========================================================================
Received Prepare
Registering precompiled user dll's ...
Registered in 0.003709 seconds.
Begin MonoManager ReloadAssembly
Native extension for WindowsStandalone target not found
Refreshing native plugins compatible for Editor in 0.37 ms, found 2 plugins.
Preloading 0 native plugins for Editor in 0.00 ms.
Mono: successfully reloaded assembly
- Completed reload, in  0.946 seconds
Platform modules already initialized, skipping
Refreshing native plugins compatible for Editor in 0.32 ms, found 2 plugins.
Preloading 0 native plugins for Editor in 0.00 ms.
Unloading 1418 Unused Serialized files (Serialized files now loaded: 0)
System memory in use before: 68.9 MB.
System memory in use after: 69.0 MB.

Unloading 14 unused Assets to reduce memory usage. Loaded Objects now: 1894.
Total: 1.838500 ms (FindLiveObjects: 0.148900 ms CreateObjectMapping: 0.032500 ms MarkObjects: 1.603000 ms  DeleteObjects: 0.052900 ms)

========================================================================
Received Prepare
Registering precompiled user dll's ...
Registered in 0.005149 seconds.
Begin MonoManager ReloadAssembly
Native extension for WindowsStandalone target not found
Refreshing native plugins compatible for Editor in 0.33 ms, found 2 plugins.
Preloading 0 native plugins for Editor in 0.00 ms.
Mono: successfully reloaded assembly
- Completed reload, in  0.908 seconds
Platform modules already initialized, skipping
Refreshing native plugins compatible for Editor in 0.32 ms, found 2 plugins.
Preloading 0 native plugins for Editor in 0.00 ms.
Unloading 1418 Unused Serialized files (Serialized files now loaded: 0)
System memory in use before: 68.9 MB.
System memory in use after: 69.0 MB.

Unloading 14 unused Assets to reduce memory usage. Loaded Objects now: 1897.
Total: 1.851600 ms (FindLiveObjects: 0.153000 ms CreateObjectMapping: 0.032100 ms MarkObjects: 1.609000 ms  DeleteObjects: 0.056400 ms)

========================================================================
Received Import Request.
  Time since last request: 789.081614 seconds.
  path: Assets/Scripts/Player/PlayerInput.cs
  artifactKey: Guid(f405c0770c026794c98137e751b683cc) Importer(815301076,1909f56bfc062723c751e8b465ee728b)
Start importing Assets/Scripts/Player/PlayerInput.cs using Guid(f405c0770c026794c98137e751b683cc) Importer(815301076,1909f56bfc062723c751e8b465ee728b)  -> (artifact id: '1a6342897246e14ead079563af9a6e34') in 0.004017 seconds
  Import took 0.006080 seconds .

========================================================================
Received Prepare
Registering precompiled user dll's ...
Registered in 0.003619 seconds.
Begin MonoManager ReloadAssembly
Native extension for WindowsStandalone target not found
Refreshing native plugins compatible for Editor in 0.33 ms, found 2 plugins.
Preloading 0 native plugins for Editor in 0.00 ms.
Mono: successfully reloaded assembly
- Completed reload, in  0.904 seconds
Platform modules already initialized, skipping
Refreshing native plugins compatible for Editor in 0.34 ms, found 2 plugins.
Preloading 0 native plugins for Editor in 0.00 ms.
Unloading 1418 Unused Serialized files (Serialized files now loaded: 0)
System memory in use before: 68.9 MB.
System memory in use after: 69.0 MB.

Unloading 14 unused Assets to reduce memory usage. Loaded Objects now: 1900.
Total: 1.813800 ms (FindLiveObjects: 0.162900 ms CreateObjectMapping: 0.030500 ms MarkObjects: 1.565000 ms  DeleteObjects: 0.054300 ms)

========================================================================
Received Prepare
Registering precompiled user dll's ...
Registered in 0.003665 seconds.
Begin MonoManager ReloadAssembly
Native extension for WindowsStandalone target not found
Refreshing native plugins compatible for Editor in 0.32 ms, found 2 plugins.
Preloading 0 native plugins for Editor in 0.00 ms.
Mono: successfully reloaded assembly
- Completed reload, in  0.903 seconds
Platform modules already initialized, skipping
Refreshing native plugins compatible for Editor in 0.34 ms, found 2 plugins.
Preloading 0 native plugins for Editor in 0.00 ms.
Unloading 1418 Unused Serialized files (Serialized files now loaded: 0)
System memory in use before: 68.9 MB.
System memory in use after: 69.0 MB.

Unloading 14 unused Assets to reduce memory usage. Loaded Objects now: 1903.
Total: 1.848900 ms (FindLiveObjects: 0.180800 ms CreateObjectMapping: 0.031500 ms MarkObjects: 1.579500 ms  DeleteObjects: 0.055900 ms)

========================================================================
Received Prepare
Registering precompiled user dll's ...
Registered in 0.003617 seconds.
Begin MonoManager ReloadAssembly
Native extension for WindowsStandalone target not found
Refreshing native plugins compatible for Editor in 0.34 ms, found 2 plugins.
Preloading 0 native plugins for Editor in 0.00 ms.
Mono: successfully reloaded assembly
- Completed reload, in  0.907 seconds
Platform modules already initialized, skipping
Refreshing native plugins compatible for Editor in 0.32 ms, found 2 plugins.
Preloading 0 native plugins for Editor in 0.00 ms.
Unloading 1418 Unused Serialized files (Serialized files now loaded: 0)
System memory in use before: 68.9 MB.
System memory in use after: 69.0 MB.

Unloading 14 unused Assets to reduce memory usage. Loaded Objects now: 1906.
Total: 1.825800 ms (FindLiveObjects: 0.148700 ms CreateObjectMapping: 0.032100 ms MarkObjects: 1.591400 ms  DeleteObjects: 0.052500 ms)

========================================================================
Received Prepare
Registering precompiled user dll's ...
Registered in 0.003710 seconds.
Begin MonoManager ReloadAssembly
Native extension for WindowsStandalone target not found
Refreshing native plugins compatible for Editor in 0.32 ms, found 2 plugins.
Preloading 0 native plugins for Editor in 0.00 ms.
Mono: successfully reloaded assembly
- Completed reload, in  0.898 seconds
Platform modules already initialized, skipping
Refreshing native plugins compatible for Editor in 0.30 ms, found 2 plugins.
Preloading 0 native plugins for Editor in 0.00 ms.
Unloading 1418 Unused Serialized files (Serialized files now loaded: 0)
System memory in use before: 68.9 MB.
System memory in use after: 69.0 MB.

Unloading 14 unused Assets to reduce memory usage. Loaded Objects now: 1909.
Total: 1.821900 ms (FindLiveObjects: 0.138500 ms CreateObjectMapping: 0.032000 ms MarkObjects: 1.600100 ms  DeleteObjects: 0.050500 ms)

========================================================================
Received Prepare
Registering precompiled user dll's ...
Registered in 0.003709 seconds.
Begin MonoManager ReloadAssembly
Native extension for WindowsStandalone target not found
Refreshing native plugins compatible for Editor in 0.33 ms, found 2 plugins.
Preloading 0 native plugins for Editor in 0.00 ms.
Mono: successfully reloaded assembly
- Completed reload, in  0.924 seconds
Platform modules already initialized, skipping
Refreshing native plugins compatible for Editor in 0.33 ms, found 2 plugins.
Preloading 0 native plugins for Editor in 0.00 ms.
Unloading 1418 Unused Serialized files (Serialized files now loaded: 0)
System memory in use before: 68.9 MB.
System memory in use after: 69.0 MB.

Unloading 14 unused Assets to reduce memory usage. Loaded Objects now: 1912.
Total: 1.858200 ms (FindLiveObjects: 0.143000 ms CreateObjectMapping: 0.032100 ms MarkObjects: 1.629500 ms  DeleteObjects: 0.052600 ms)

========================================================================
Received Prepare
Registering precompiled user dll's ...
Registered in 0.004014 seconds.
Begin MonoManager ReloadAssembly
Native extension for WindowsStandalone target not found
Refreshing native plugins compatible for Editor in 0.33 ms, found 2 plugins.
Preloading 0 native plugins for Editor in 0.00 ms.
Mono: successfully reloaded assembly
- Completed reload, in  0.924 seconds
Platform modules already initialized, skipping
Refreshing native plugins compatible for Editor in 0.33 ms, found 2 plugins.
Preloading 0 native plugins for Editor in 0.00 ms.
Unloading 1418 Unused Serialized files (Serialized files now loaded: 0)
System memory in use before: 68.9 MB.
System memory in use after: 69.0 MB.

Unloading 14 unused Assets to reduce memory usage. Loaded Objects now: 1915.
Total: 1.942800 ms (FindLiveObjects: 0.162400 ms CreateObjectMapping: 0.031400 ms MarkObjects: 1.690100 ms  DeleteObjects: 0.057600 ms)

========================================================================
Received Prepare
Registering precompiled user dll's ...
Registered in 0.004076 seconds.
Begin MonoManager ReloadAssembly
Native extension for WindowsStandalone target not found
Refreshing native plugins compatible for Editor in 0.35 ms, found 2 plugins.
Preloading 0 native plugins for Editor in 0.00 ms.
Mono: successfully reloaded assembly
- Completed reload, in  0.930 seconds
Platform modules already initialized, skipping
Refreshing native plugins compatible for Editor in 0.33 ms, found 2 plugins.
Preloading 0 native plugins for Editor in 0.00 ms.
Unloading 1418 Unused Serialized files (Serialized files now loaded: 0)
System memory in use before: 68.9 MB.
System memory in use after: 69.0 MB.

Unloading 14 unused Assets to reduce memory usage. Loaded Objects now: 1918.
Total: 1.848000 ms (FindLiveObjects: 0.153400 ms CreateObjectMapping: 0.031800 ms MarkObjects: 1.610100 ms  DeleteObjects: 0.051700 ms)

========================================================================
Received Prepare
Registering precompiled user dll's ...
Registered in 0.003674 seconds.
Begin MonoManager ReloadAssembly
Native extension for WindowsStandalone target not found
Refreshing native plugins compatible for Editor in 0.35 ms, found 2 plugins.
Preloading 0 native plugins for Editor in 0.00 ms.
Mono: successfully reloaded assembly
- Completed reload, in  0.913 seconds
Platform modules already initialized, skipping
Refreshing native plugins compatible for Editor in 0.32 ms, found 2 plugins.
Preloading 0 native plugins for Editor in 0.00 ms.
Unloading 1418 Unused Serialized files (Serialized files now loaded: 0)
System memory in use before: 68.9 MB.
System memory in use after: 69.0 MB.

Unloading 14 unused Assets to reduce memory usage. Loaded Objects now: 1921.
Total: 1.822700 ms (FindLiveObjects: 0.159800 ms CreateObjectMapping: 0.032300 ms MarkObjects: 1.576700 ms  DeleteObjects: 0.052600 ms)

========================================================================
Received Import Request.
  Time since last request: 592.536137 seconds.
  path: Assets/Scripts/Enemy
  artifactKey: Guid(40a4622cfa8fdcc4dbe1ace11283d0fc) Importer(815301076,1909f56bfc062723c751e8b465ee728b)
Start importing Assets/Scripts/Enemy using Guid(40a4622cfa8fdcc4dbe1ace11283d0fc) Importer(815301076,1909f56bfc062723c751e8b465ee728b)  -> (artifact id: '77c66d0a1beb4ddc3624155386a15718') in 0.004853 seconds
  Import took 0.007452 seconds .

========================================================================
Received Import Request.
  Time since last request: 9.708415 seconds.
  path: Assets/Scripts/Enemy/Enamy.cs
  artifactKey: Guid(47432ef837bb14e49b3de291fb059f75) Importer(815301076,1909f56bfc062723c751e8b465ee728b)
Start importing Assets/Scripts/Enemy/Enamy.cs using Guid(47432ef837bb14e49b3de291fb059f75) Importer(815301076,1909f56bfc062723c751e8b465ee728b)  -> (artifact id: '313b1e85ea587fb249bb8622de177e54') in 0.001758 seconds
  Import took 0.003913 seconds .

========================================================================
Received Prepare
Registering precompiled user dll's ...
Registered in 0.004693 seconds.
Begin MonoManager ReloadAssembly
Native extension for WindowsStandalone target not found
Refreshing native plugins compatible for Editor in 0.33 ms, found 2 plugins.
Preloading 0 native plugins for Editor in 0.00 ms.
Mono: successfully reloaded assembly
- Completed reload, in  0.942 seconds
Platform modules already initialized, skipping
Refreshing native plugins compatible for Editor in 0.35 ms, found 2 plugins.
Preloading 0 native plugins for Editor in 0.00 ms.
Unloading 1419 Unused Serialized files (Serialized files now loaded: 0)
System memory in use before: 69.0 MB.
System memory in use after: 69.0 MB.

Unloading 14 unused Assets to reduce memory usage. Loaded Objects now: 1925.
Total: 1.931200 ms (FindLiveObjects: 0.163400 ms CreateObjectMapping: 0.031400 ms MarkObjects: 1.678000 ms  DeleteObjects: 0.057600 ms)

========================================================================
Received Prepare
Registering precompiled user dll's ...
Registered in 0.004318 seconds.
Begin MonoManager ReloadAssembly
Native extension for WindowsStandalone target not found
Refreshing native plugins compatible for Editor in 0.43 ms, found 2 plugins.
Preloading 0 native plugins for Editor in 0.00 ms.
Mono: successfully reloaded assembly
- Completed reload, in  0.930 seconds
Platform modules already initialized, skipping
Refreshing native plugins compatible for Editor in 0.33 ms, found 2 plugins.
Preloading 0 native plugins for Editor in 0.00 ms.
Unloading 1418 Unused Serialized files (Serialized files now loaded: 0)
System memory in use before: 68.9 MB.
System memory in use after: 69.0 MB.

Unloading 15 unused Assets to reduce memory usage. Loaded Objects now: 1927.
Total: 2.184300 ms (FindLiveObjects: 0.153100 ms CreateObjectMapping: 0.033000 ms MarkObjects: 1.933200 ms  DeleteObjects: 0.063800 ms)

========================================================================
Received Import Request.
  Time since last request: 16.459372 seconds.
  path: Assets/Scripts/Enemy/Enemy.cs
  artifactKey: Guid(14dcd9e3182755743b2f00f77e3d7a00) Importer(815301076,1909f56bfc062723c751e8b465ee728b)
Start importing Assets/Scripts/Enemy/Enemy.cs using Guid(14dcd9e3182755743b2f00f77e3d7a00) Importer(815301076,1909f56bfc062723c751e8b465ee728b)  -> (artifact id: '2f7fca407b665beb9601c6dd75c3491d') in 0.004657 seconds
  Import took 0.006945 seconds .

========================================================================
Received Import Request.
  Time since last request: 0.000291 seconds.
  path: Assets/Scripts/Enemy/Enemy.cs
  artifactKey: Guid(14dcd9e3182755743b2f00f77e3d7a00) Importer(815301076,1909f56bfc062723c751e8b465ee728b)
Start importing Assets/Scripts/Enemy/Enemy.cs using Guid(14dcd9e3182755743b2f00f77e3d7a00) Importer(815301076,1909f56bfc062723c751e8b465ee728b)  -> (artifact id: '2f7fca407b665beb9601c6dd75c3491d') in 0.002161 seconds
  Import took 0.004162 seconds .

========================================================================
Received Prepare
Registering precompiled user dll's ...
Registered in 0.003619 seconds.
Begin MonoManager ReloadAssembly
Native extension for WindowsStandalone target not found
Refreshing native plugins compatible for Editor in 0.45 ms, found 2 plugins.
Preloading 0 native plugins for Editor in 0.00 ms.
Mono: successfully reloaded assembly
- Completed reload, in  0.933 seconds
Platform modules already initialized, skipping
Refreshing native plugins compatible for Editor in 0.34 ms, found 2 plugins.
Preloading 0 native plugins for Editor in 0.00 ms.
Unloading 1419 Unused Serialized files (Serialized files now loaded: 0)
System memory in use before: 69.0 MB.
System memory in use after: 69.0 MB.

Unloading 14 unused Assets to reduce memory usage. Loaded Objects now: 1931.
Total: 1.822800 ms (FindLiveObjects: 0.165100 ms CreateObjectMapping: 0.032000 ms MarkObjects: 1.569800 ms  DeleteObjects: 0.054700 ms)

========================================================================
Received Import Request.
  Time since last request: 13.467583 seconds.
  path: Assets/Scripts/Enemy/EnemyMover.cs
  artifactKey: Guid(198e0026ef92bcc4196af622080bf52c) Importer(815301076,1909f56bfc062723c751e8b465ee728b)
Start importing Assets/Scripts/Enemy/EnemyMover.cs using Guid(198e0026ef92bcc4196af622080bf52c) Importer(815301076,1909f56bfc062723c751e8b465ee728b)  -> (artifact id: 'bf385af7aac95fc3a77f7e47bccbb719') in 0.004352 seconds
  Import took 0.006665 seconds .

========================================================================
Received Import Request.
  Time since last request: 0.000692 seconds.
  path: Assets/Scripts/Enemy/EnemyMover.cs
  artifactKey: Guid(198e0026ef92bcc4196af622080bf52c) Importer(815301076,1909f56bfc062723c751e8b465ee728b)
Start importing Assets/Scripts/Enemy/EnemyMover.cs using Guid(198e0026ef92bcc4196af622080bf52c) Importer(815301076,1909f56bfc062723c751e8b465ee728b)  -> (artifact id: 'bf385af7aac95fc3a77f7e47bccbb719') in 0.001761 seconds
  Import took 0.003991 seconds .

========================================================================
Received Prepare
Registering precompiled user dll's ...
Registered in 0.003698 seconds.
Begin MonoManager ReloadAssembly
Native extension for WindowsStandalone target not found
Refreshing native plugins compatible for Editor in 0.46 ms, found 2 plugins.
Preloading 0 native plugins for Editor in 0.00 ms.
Mono: successfully reloaded assembly
- Completed reload, in  0.992 seconds
Platform modules already initialized, skipping
Refreshing native plugins compatible for Editor in 0.32 ms, found 2 plugins.
Preloading 0 native plugins for Editor in 0.00 ms.
Unloading 1420 Unused Serialized files (Serialized files now loaded: 0)
System memory in use before: 69.0 MB.
System memory in use after: 69.1 MB.

Unloading 14 unused Assets to reduce memory usage. Loaded Objects now: 1935.
Total: 1.844400 ms (FindLiveObjects: 0.157100 ms CreateObjectMapping: 0.032700 ms MarkObjects: 1.601700 ms  DeleteObjects: 0.051800 ms)

========================================================================
Received Prepare
Registering precompiled user dll's ...
Registered in 0.003707 seconds.
Begin MonoManager ReloadAssembly
Native extension for WindowsStandalone target not found
Refreshing native plugins compatible for Editor in 0.33 ms, found 2 plugins.
Preloading 0 native plugins for Editor in 0.00 ms.
Mono: successfully reloaded assembly
- Completed reload, in  0.917 seconds
Platform modules already initialized, skipping
Refreshing native plugins compatible for Editor in 0.33 ms, found 2 plugins.
Preloading 0 native plugins for Editor in 0.00 ms.
Unloading 1420 Unused Serialized files (Serialized files now loaded: 0)
System memory in use before: 69.0 MB.
System memory in use after: 69.1 MB.

Unloading 14 unused Assets to reduce memory usage. Loaded Objects now: 1938.
Total: 1.836500 ms (FindLiveObjects: 0.158600 ms CreateObjectMapping: 0.032500 ms MarkObjects: 1.591400 ms  DeleteObjects: 0.053000 ms)

========================================================================
Received Import Request.
  Time since last request: 169.114301 seconds.
  path: Assets/Scripts/Enemy/EnemyMover.cs
  artifactKey: Guid(198e0026ef92bcc4196af622080bf52c) Importer(815301076,1909f56bfc062723c751e8b465ee728b)
Start importing Assets/Scripts/Enemy/EnemyMover.cs using Guid(198e0026ef92bcc4196af622080bf52c) Importer(815301076,1909f56bfc062723c751e8b465ee728b)  -> (artifact id: 'e95655ac478a1ab997bf4883e6289439') in 0.004033 seconds
  Import took 0.006128 seconds .

========================================================================
Received Prepare
Registering precompiled user dll's ...
Registered in 0.003655 seconds.
Begin MonoManager ReloadAssembly
Native extension for WindowsStandalone target not found
Refreshing native plugins compatible for Editor in 0.35 ms, found 2 plugins.
Preloading 0 native plugins for Editor in 0.00 ms.
Mono: successfully reloaded assembly
- Completed reload, in  0.933 seconds
Platform modules already initialized, skipping
Refreshing native plugins compatible for Editor in 0.35 ms, found 2 plugins.
Preloading 0 native plugins for Editor in 0.00 ms.
Unloading 1420 Unused Serialized files (Serialized files now loaded: 0)
System memory in use before: 69.0 MB.
System memory in use after: 69.1 MB.

Unloading 14 unused Assets to reduce memory usage. Loaded Objects now: 1941.
Total: 2.008600 ms (FindLiveObjects: 0.165500 ms CreateObjectMapping: 0.031600 ms MarkObjects: 1.749100 ms  DeleteObjects: 0.061500 ms)

========================================================================
Received Prepare
Registering precompiled user dll's ...
Registered in 0.003593 seconds.
Begin MonoManager ReloadAssembly
Native extension for WindowsStandalone target not found
Refreshing native plugins compatible for Editor in 0.33 ms, found 2 plugins.
Preloading 0 native plugins for Editor in 0.00 ms.
Mono: successfully reloaded assembly
- Completed reload, in  0.919 seconds
Platform modules already initialized, skipping
Refreshing native plugins compatible for Editor in 0.34 ms, found 2 plugins.
Preloading 0 native plugins for Editor in 0.00 ms.
Unloading 1420 Unused Serialized files (Serialized files now loaded: 0)
System memory in use before: 69.0 MB.
System memory in use after: 69.1 MB.

Unloading 14 unused Assets to reduce memory usage. Loaded Objects now: 1944.
Total: 1.845200 ms (FindLiveObjects: 0.153400 ms CreateObjectMapping: 0.033600 ms MarkObjects: 1.603400 ms  DeleteObjects: 0.053700 ms)

========================================================================
Received Prepare
Registering precompiled user dll's ...
Registered in 0.003622 seconds.
Begin MonoManager ReloadAssembly
Native extension for WindowsStandalone target not found
Refreshing native plugins compatible for Editor in 0.34 ms, found 2 plugins.
Preloading 0 native plugins for Editor in 0.00 ms.
Mono: successfully reloaded assembly
- Completed reload, in  0.923 seconds
Platform modules already initialized, skipping
Refreshing native plugins compatible for Editor in 0.36 ms, found 2 plugins.
Preloading 0 native plugins for Editor in 0.00 ms.
Unloading 1420 Unused Serialized files (Serialized files now loaded: 0)
System memory in use before: 69.0 MB.
System memory in use after: 69.1 MB.

Unloading 14 unused Assets to reduce memory usage. Loaded Objects now: 1947.
Total: 1.876800 ms (FindLiveObjects: 0.171500 ms CreateObjectMapping: 0.032100 ms MarkObjects: 1.616800 ms  DeleteObjects: 0.055400 ms)

========================================================================
Received Prepare
Registering precompiled user dll's ...
Registered in 0.003771 seconds.
Begin MonoManager ReloadAssembly
Native extension for WindowsStandalone target not found
Refreshing native plugins compatible for Editor in 0.34 ms, found 2 plugins.
Preloading 0 native plugins for Editor in 0.00 ms.
Mono: successfully reloaded assembly
- Completed reload, in  0.910 seconds
Platform modules already initialized, skipping
Refreshing native plugins compatible for Editor in 0.32 ms, found 2 plugins.
Preloading 0 native plugins for Editor in 0.00 ms.
Unloading 1420 Unused Serialized files (Serialized files now loaded: 0)
System memory in use before: 69.0 MB.
System memory in use after: 69.1 MB.

Unloading 14 unused Assets to reduce memory usage. Loaded Objects now: 1950.
Total: 2.076500 ms (FindLiveObjects: 0.206600 ms CreateObjectMapping: 0.033200 ms MarkObjects: 1.773400 ms  DeleteObjects: 0.061600 ms)

========================================================================
Received Import Request.
  Time since last request: 428.076778 seconds.
  path: Assets/Prefabs
  artifactKey: Guid(3c52b851c4f241648bd1d24032deb8b8) Importer(815301076,1909f56bfc062723c751e8b465ee728b)
Start importing Assets/Prefabs using Guid(3c52b851c4f241648bd1d24032deb8b8) Importer(815301076,1909f56bfc062723c751e8b465ee728b)  -> (artifact id: '87f4b0b6bb9c920e4fb0f5fd7d999cee') in 0.004378 seconds
  Import took 0.006637 seconds .

========================================================================
Received Import Request.
  Time since last request: 1.285367 seconds.
  path: Assets/Prefabs/Enemy.prefab
  artifactKey: Guid(50a75df0482ac1947a57d610cc6cfc19) Importer(815301076,1909f56bfc062723c751e8b465ee728b)
Start importing Assets/Prefabs/Enemy.prefab using Guid(50a75df0482ac1947a57d610cc6cfc19) Importer(815301076,1909f56bfc062723c751e8b465ee728b)  -> (artifact id: 'af73666953543c0185dcc44f9ff83b82') in 0.060177 seconds
  Import took 0.063099 seconds .

========================================================================
Received Import Request.
  Time since last request: 38.472991 seconds.
  path: Assets/Scripts/Spawner.cs
  artifactKey: Guid(0495e709522af134bb281dc35a20b3ad) Importer(815301076,1909f56bfc062723c751e8b465ee728b)
Start importing Assets/Scripts/Spawner.cs using Guid(0495e709522af134bb281dc35a20b3ad) Importer(815301076,1909f56bfc062723c751e8b465ee728b)  -> (artifact id: 'ad6ce341445c1c451ac9d3a8b55d3668') in 0.001962 seconds
  Import took 0.004262 seconds .

========================================================================
Received Prepare
Registering precompiled user dll's ...
Registered in 0.003707 seconds.
Begin MonoManager ReloadAssembly
Native extension for WindowsStandalone target not found
Refreshing native plugins compatible for Editor in 0.33 ms, found 2 plugins.
Preloading 0 native plugins for Editor in 0.00 ms.
Mono: successfully reloaded assembly
- Completed reload, in  0.918 seconds
Platform modules already initialized, skipping
Refreshing native plugins compatible for Editor in 0.32 ms, found 2 plugins.
Preloading 0 native plugins for Editor in 0.00 ms.
Unloading 1421 Unused Serialized files (Serialized files now loaded: 0)
System memory in use before: 69.1 MB.
System memory in use after: 69.2 MB.

Unloading 14 unused Assets to reduce memory usage. Loaded Objects now: 1958.
Total: 2.062200 ms (FindLiveObjects: 0.152700 ms CreateObjectMapping: 0.032600 ms MarkObjects: 1.809200 ms  DeleteObjects: 0.066800 ms)

========================================================================
Received Import Request.
  Time since last request: 19.248668 seconds.
  path: Packages/com.unity.2d.sprite/Editor/ObjectMenuCreation/DefaultAssets/Textures/9-Sliced.png
  artifactKey: Guid(71ebafeef3c03457483266a33ab2b270) Importer(815301076,1909f56bfc062723c751e8b465ee728b)
Start importing Packages/com.unity.2d.sprite/Editor/ObjectMenuCreation/DefaultAssets/Textures/9-Sliced.png using Guid(71ebafeef3c03457483266a33ab2b270) Importer(815301076,1909f56bfc062723c751e8b465ee728b)  -> (artifact id: '7d550149749c5d658dde2305a9c7dd2c') in 0.044382 seconds
  Import took 0.046765 seconds .

========================================================================
Received Import Request.
  Time since last request: 0.000208 seconds.
  path: Packages/com.unity.2d.sprite/Editor/ObjectMenuCreation/DefaultAssets/Textures/9-SlicedWithBorder.png
  artifactKey: Guid(cc35afd292fc349128b36a291fb3a165) Importer(815301076,1909f56bfc062723c751e8b465ee728b)
Start importing Packages/com.unity.2d.sprite/Editor/ObjectMenuCreation/DefaultAssets/Textures/9-SlicedWithBorder.png using Guid(cc35afd292fc349128b36a291fb3a165) Importer(815301076,1909f56bfc062723c751e8b465ee728b)  -> (artifact id: '0047f451bd446d8ab8d34fdaa0748536') in 0.007420 seconds
  Import took 0.009774 seconds .

========================================================================
Received Import Request.
  Time since last request: 0.000212 seconds.
  path: Packages/com.unity.2d.sprite/Editor/ObjectMenuCreation/DefaultAssets/Textures/9-Sliced.png
  artifactKey: Guid(71ebafeef3c03457483266a33ab2b270) Importer(815301076,1909f56bfc062723c751e8b465ee728b)
Start importing Packages/com.unity.2d.sprite/Editor/ObjectMenuCreation/DefaultAssets/Textures/9-Sliced.png using Guid(71ebafeef3c03457483266a33ab2b270) Importer(815301076,1909f56bfc062723c751e8b465ee728b)  -> (artifact id: '7d550149749c5d658dde2305a9c7dd2c') in 0.008009 seconds
  Import took 0.010276 seconds .

========================================================================
Received Import Request.
  Time since last request: 0.000189 seconds.
  path: Packages/com.unity.collab-proxy/Editor/Collaborate/Assets/Icons/back-dark.png
  artifactKey: Guid(8e3ec2dfd58b79842aa78376678a9a05) Importer(815301076,1909f56bfc062723c751e8b465ee728b)
Start importing Packages/com.unity.collab-proxy/Editor/Collaborate/Assets/Icons/back-dark.png using Guid(8e3ec2dfd58b79842aa78376678a9a05) Importer(815301076,1909f56bfc062723c751e8b465ee728b)  -> (artifact id: '6418a2c11981f0acf802666f81ff2714') in 0.005056 seconds
  Import took 0.007310 seconds .

========================================================================
Received Import Request.
  Time since last request: 0.000199 seconds.
  path: Packages/com.unity.2d.sprite/Editor/ObjectMenuCreation/DefaultAssets/Textures/9-SlicedWithBorder.png
  artifactKey: Guid(cc35afd292fc349128b36a291fb3a165) Importer(815301076,1909f56bfc062723c751e8b465ee728b)
Start importing Packages/com.unity.2d.sprite/Editor/ObjectMenuCreation/DefaultAssets/Textures/9-SlicedWithBorder.png using Guid(cc35afd292fc349128b36a291fb3a165) Importer(815301076,1909f56bfc062723c751e8b465ee728b)  -> (artifact id: '0047f451bd446d8ab8d34fdaa0748536') in 0.008466 seconds
  Import took 0.010722 seconds .

========================================================================
Received Import Request.
  Time since last request: 0.000201 seconds.
  path: Packages/com.unity.collab-proxy/Editor/Collaborate/Assets/Icons/added-file-dark.png
  artifactKey: Guid(1a4f52b613391cd449af3ad2e44affeb) Importer(815301076,1909f56bfc062723c751e8b465ee728b)
Start importing Packages/com.unity.collab-proxy/Editor/Collaborate/Assets/Icons/added-file-dark.png using Guid(1a4f52b613391cd449af3ad2e44affeb) Importer(815301076,1909f56bfc062723c751e8b465ee728b)  -> (artifact id: 'b6c50c6b02d9b73c5e2e4a85549794a4') in 0.004580 seconds
  Import took 0.006586 seconds .

========================================================================
Received Import Request.
  Time since last request: 0.000225 seconds.
  path: Packages/com.unity.collab-proxy/Editor/Collaborate/Assets/Icons/added-file-dark@2x.png
  artifactKey: Guid(c223e0c507e2c6549a2cb97441b62cbe) Importer(815301076,1909f56bfc062723c751e8b465ee728b)
Start importing Packages/com.unity.collab-proxy/Editor/Collaborate/Assets/Icons/added-file-dark@2x.png using Guid(c223e0c507e2c6549a2cb97441b62cbe) Importer(815301076,1909f56bfc062723c751e8b465ee728b)  -> (artifact id: 'f9424499d8ed03e8df785259fedae1b3') in 0.004925 seconds
  Import took 0.007379 seconds .

========================================================================
Received Import Request.
  Time since last request: 0.000204 seconds.
  path: Packages/com.unity.collab-proxy/Editor/Collaborate/Assets/Icons/added-file-light@2x.png
  artifactKey: Guid(ec2e3aa6d0ab8ce4eac29b56d65d61d5) Importer(815301076,1909f56bfc062723c751e8b465ee728b)
Start importing Packages/com.unity.collab-proxy/Editor/Collaborate/Assets/Icons/added-file-light@2x.png using Guid(ec2e3aa6d0ab8ce4eac29b56d65d61d5) Importer(815301076,1909f56bfc062723c751e8b465ee728b)  -> (artifact id: 'a4de0a7a5e4ce4511bc09095573cae8b') in 0.004827 seconds
  Import took 0.007104 seconds .

========================================================================
Received Import Request.
  Time since last request: 0.000196 seconds.
  path: Packages/com.unity.collab-proxy/Editor/Collaborate/Assets/Icons/added-file-light.png
  artifactKey: Guid(397fff6c3885f8343bb65714f0064b5d) Importer(815301076,1909f56bfc062723c751e8b465ee728b)
Start importing Packages/com.unity.collab-proxy/Editor/Collaborate/Assets/Icons/added-file-light.png using Guid(397fff6c3885f8343bb65714f0064b5d) Importer(815301076,1909f56bfc062723c751e8b465ee728b)  -> (artifact id: 'c673a4f73ecb39b34c0c364ab5d41a87') in 0.005703 seconds
  Import took 0.007848 seconds .

========================================================================
Received Import Request.
  Time since last request: 0.002986 seconds.
  path: Packages/com.unity.collab-proxy/Editor/Collaborate/Assets/Icons/added-file-light.png
  artifactKey: Guid(397fff6c3885f8343bb65714f0064b5d) Importer(815301076,1909f56bfc062723c751e8b465ee728b)
Start importing Packages/com.unity.collab-proxy/Editor/Collaborate/Assets/Icons/added-file-light.png using Guid(397fff6c3885f8343bb65714f0064b5d) Importer(815301076,1909f56bfc062723c751e8b465ee728b)  -> (artifact id: 'c673a4f73ecb39b34c0c364ab5d41a87') in 0.004368 seconds
  Import took 0.006755 seconds .

========================================================================
Received Import Request.
  Time since last request: 1.031258 seconds.
  path: Packages/com.unity.collab-proxy/Editor/Collaborate/Assets/Icons/back-dark@2x.png
  artifactKey: Guid(9c6313a5316f8a34b852bf94ff96e3ab) Importer(815301076,1909f56bfc062723c751e8b465ee728b)
Start importing Packages/com.unity.collab-proxy/Editor/Collaborate/Assets/Icons/back-dark@2x.png using Guid(9c6313a5316f8a34b852bf94ff96e3ab) Importer(815301076,1909f56bfc062723c751e8b465ee728b)  -> (artifact id: '626b8d703df2186d7c867ee863820d3e') in 0.005530 seconds
  Import took 0.007786 seconds .

========================================================================
Received Import Request.
  Time since last request: 0.000164 seconds.
  path: Packages/com.unity.collab-proxy/Editor/Collaborate/Assets/Icons/back-light.png
  artifactKey: Guid(e676ab7aa99535447a763c9f88bf9260) Importer(815301076,1909f56bfc062723c751e8b465ee728b)
Start importing Packages/com.unity.collab-proxy/Editor/Collaborate/Assets/Icons/back-light.png using Guid(e676ab7aa99535447a763c9f88bf9260) Importer(815301076,1909f56bfc062723c751e8b465ee728b)  -> (artifact id: '31b0a8c754a76bc310ba5fbde663e255') in 0.004478 seconds
  Import took 0.006495 seconds .

========================================================================
Received Prepare
Registering precompiled user dll's ...
Registered in 0.003679 seconds.
Begin MonoManager ReloadAssembly
Native extension for WindowsStandalone target not found
Refreshing native plugins compatible for Editor in 0.34 ms, found 2 plugins.
Preloading 0 native plugins for Editor in 0.00 ms.
Mono: successfully reloaded assembly
- Completed reload, in  0.919 seconds
Platform modules already initialized, skipping
Refreshing native plugins compatible for Editor in 0.32 ms, found 2 plugins.
Preloading 0 native plugins for Editor in 0.00 ms.
Unloading 1421 Unused Serialized files (Serialized files now loaded: 0)
System memory in use before: 69.2 MB.
System memory in use after: 69.3 MB.

Unloading 14 unused Assets to reduce memory usage. Loaded Objects now: 1964.
Total: 1.893600 ms (FindLiveObjects: 0.167900 ms CreateObjectMapping: 0.032900 ms MarkObjects: 1.632900 ms  DeleteObjects: 0.058900 ms)

========================================================================
Received Import Request.
  Time since last request: 135.564231 seconds.
  path: Assets/Scripts/Spawner.cs
  artifactKey: Guid(0495e709522af134bb281dc35a20b3ad) Importer(815301076,1909f56bfc062723c751e8b465ee728b)
Start importing Assets/Scripts/Spawner.cs using Guid(0495e709522af134bb281dc35a20b3ad) Importer(815301076,1909f56bfc062723c751e8b465ee728b)  -> (artifact id: 'd6593d03c2366b4a253a8de5d0aa4153') in 0.004327 seconds
  Import took 0.006574 seconds .

========================================================================
Received Prepare
Registering precompiled user dll's ...
Registered in 0.004021 seconds.
Begin MonoManager ReloadAssembly
Native extension for WindowsStandalone target not found
Refreshing native plugins compatible for Editor in 0.33 ms, found 2 plugins.
Preloading 0 native plugins for Editor in 0.00 ms.
Mono: successfully reloaded assembly
- Completed reload, in  0.914 seconds
Platform modules already initialized, skipping
Refreshing native plugins compatible for Editor in 0.33 ms, found 2 plugins.
Preloading 0 native plugins for Editor in 0.00 ms.
Unloading 1421 Unused Serialized files (Serialized files now loaded: 0)
System memory in use before: 69.2 MB.
System memory in use after: 69.3 MB.

Unloading 14 unused Assets to reduce memory usage. Loaded Objects now: 1967.
Total: 1.877600 ms (FindLiveObjects: 0.160600 ms CreateObjectMapping: 0.032900 ms MarkObjects: 1.627000 ms  DeleteObjects: 0.056100 ms)

========================================================================
Received Prepare
Registering precompiled user dll's ...
Registered in 0.003623 seconds.
Begin MonoManager ReloadAssembly
Native extension for WindowsStandalone target not found
Refreshing native plugins compatible for Editor in 0.33 ms, found 2 plugins.
Preloading 0 native plugins for Editor in 0.00 ms.
Mono: successfully reloaded assembly
- Completed reload, in  0.902 seconds
Platform modules already initialized, skipping
Refreshing native plugins compatible for Editor in 0.33 ms, found 2 plugins.
Preloading 0 native plugins for Editor in 0.00 ms.
Unloading 1421 Unused Serialized files (Serialized files now loaded: 0)
System memory in use before: 69.2 MB.
System memory in use after: 69.3 MB.

Unloading 14 unused Assets to reduce memory usage. Loaded Objects now: 1970.
Total: 1.862000 ms (FindLiveObjects: 0.155800 ms CreateObjectMapping: 0.032700 ms MarkObjects: 1.613000 ms  DeleteObjects: 0.059300 ms)

========================================================================
Received Import Request.
  Time since last request: 2159.004785 seconds.
  path: Assets/Scripts/ObjectPool.cs
  artifactKey: Guid(c26467897326bdf49becce4e039eaf3d) Importer(815301076,1909f56bfc062723c751e8b465ee728b)
Start importing Assets/Scripts/ObjectPool.cs using Guid(c26467897326bdf49becce4e039eaf3d) Importer(815301076,1909f56bfc062723c751e8b465ee728b)  -> (artifact id: '219b9eef5a17e13a2c1e43b797de6556') in 0.004930 seconds
  Import took 0.007671 seconds .

========================================================================
Received Prepare
Registering precompiled user dll's ...
Registered in 0.003787 seconds.
Begin MonoManager ReloadAssembly
Native extension for WindowsStandalone target not found
Refreshing native plugins compatible for Editor in 0.53 ms, found 2 plugins.
Preloading 0 native plugins for Editor in 0.00 ms.
Mono: successfully reloaded assembly
- Completed reload, in  0.931 seconds
Platform modules already initialized, skipping
Refreshing native plugins compatible for Editor in 0.43 ms, found 2 plugins.
Preloading 0 native plugins for Editor in 0.00 ms.
Unloading 1422 Unused Serialized files (Serialized files now loaded: 0)
System memory in use before: 69.2 MB.
System memory in use after: 69.3 MB.

Unloading 14 unused Assets to reduce memory usage. Loaded Objects now: 1974.
Total: 2.566700 ms (FindLiveObjects: 0.178000 ms CreateObjectMapping: 0.037000 ms MarkObjects: 2.279000 ms  DeleteObjects: 0.070500 ms)

========================================================================
Received Prepare
Registering precompiled user dll's ...
Registered in 0.003801 seconds.
Begin MonoManager ReloadAssembly
Native extension for WindowsStandalone target not found
Refreshing native plugins compatible for Editor in 0.32 ms, found 2 plugins.
Preloading 0 native plugins for Editor in 0.00 ms.
Mono: successfully reloaded assembly
- Completed reload, in  0.899 seconds
Platform modules already initialized, skipping
Refreshing native plugins compatible for Editor in 0.32 ms, found 2 plugins.
Preloading 0 native plugins for Editor in 0.00 ms.
Unloading 1422 Unused Serialized files (Serialized files now loaded: 0)
System memory in use before: 69.2 MB.
System memory in use after: 69.3 MB.

Unloading 14 unused Assets to reduce memory usage. Loaded Objects now: 1977.
Total: 1.977600 ms (FindLiveObjects: 0.160400 ms CreateObjectMapping: 0.031100 ms MarkObjects: 1.725800 ms  DeleteObjects: 0.059400 ms)

========================================================================
Received Import Request.
  Time since last request: 791.599037 seconds.
  path: Assets/Scripts/ObjectPool.cs
  artifactKey: Guid(c26467897326bdf49becce4e039eaf3d) Importer(815301076,1909f56bfc062723c751e8b465ee728b)
Start importing Assets/Scripts/ObjectPool.cs using Guid(c26467897326bdf49becce4e039eaf3d) Importer(815301076,1909f56bfc062723c751e8b465ee728b)  -> (artifact id: '4a58123dedebba66bb25cb7bad21325f') in 0.004010 seconds
  Import took 0.006148 seconds .

========================================================================
Received Prepare
Registering precompiled user dll's ...
Registered in 0.003902 seconds.
Begin MonoManager ReloadAssembly
Native extension for WindowsStandalone target not found
Refreshing native plugins compatible for Editor in 0.34 ms, found 2 plugins.
Preloading 0 native plugins for Editor in 0.00 ms.
Mono: successfully reloaded assembly
- Completed reload, in  0.923 seconds
Platform modules already initialized, skipping
Refreshing native plugins compatible for Editor in 0.33 ms, found 2 plugins.
Preloading 0 native plugins for Editor in 0.00 ms.
Unloading 1422 Unused Serialized files (Serialized files now loaded: 0)
System memory in use before: 69.3 MB.
System memory in use after: 69.3 MB.

Unloading 14 unused Assets to reduce memory usage. Loaded Objects now: 1980.
Total: 1.882900 ms (FindLiveObjects: 0.167900 ms CreateObjectMapping: 0.034400 ms MarkObjects: 1.622500 ms  DeleteObjects: 0.056200 ms)

========================================================================
Received Prepare
Registering precompiled user dll's ...
Registered in 0.003742 seconds.
Begin MonoManager ReloadAssembly
Native extension for WindowsStandalone target not found
Refreshing native plugins compatible for Editor in 0.34 ms, found 2 plugins.
Preloading 0 native plugins for Editor in 0.00 ms.
Mono: successfully reloaded assembly
- Completed reload, in  0.912 seconds
Platform modules already initialized, skipping
Refreshing native plugins compatible for Editor in 0.34 ms, found 2 plugins.
Preloading 0 native plugins for Editor in 0.00 ms.
Unloading 1422 Unused Serialized files (Serialized files now loaded: 0)
System memory in use before: 69.3 MB.
System memory in use after: 69.3 MB.

Unloading 14 unused Assets to reduce memory usage. Loaded Objects now: 1983.
Total: 1.848500 ms (FindLiveObjects: 0.161900 ms CreateObjectMapping: 0.032800 ms MarkObjects: 1.599700 ms  DeleteObjects: 0.053200 ms)

========================================================================
Received Prepare
Registering precompiled user dll's ...
Registered in 0.004152 seconds.
Begin MonoManager ReloadAssembly
Native extension for WindowsStandalone target not found
Refreshing native plugins compatible for Editor in 0.33 ms, found 2 plugins.
Preloading 0 native plugins for Editor in 0.00 ms.
Mono: successfully reloaded assembly
- Completed reload, in  0.912 seconds
Platform modules already initialized, skipping
Refreshing native plugins compatible for Editor in 0.32 ms, found 2 plugins.
Preloading 0 native plugins for Editor in 0.00 ms.
Unloading 1422 Unused Serialized files (Serialized files now loaded: 0)
System memory in use before: 69.3 MB.
System memory in use after: 69.3 MB.

Unloading 14 unused Assets to reduce memory usage. Loaded Objects now: 1986.
Total: 1.985500 ms (FindLiveObjects: 0.167700 ms CreateObjectMapping: 0.032800 ms MarkObjects: 1.721200 ms  DeleteObjects: 0.062600 ms)

========================================================================
Received Prepare
Registering precompiled user dll's ...
Registered in 0.003610 seconds.
Begin MonoManager ReloadAssembly
Native extension for WindowsStandalone target not found
Refreshing native plugins compatible for Editor in 0.32 ms, found 2 plugins.
Preloading 0 native plugins for Editor in 0.00 ms.
Mono: successfully reloaded assembly
- Completed reload, in  0.893 seconds
Platform modules already initialized, skipping
Refreshing native plugins compatible for Editor in 0.32 ms, found 2 plugins.
Preloading 0 native plugins for Editor in 0.00 ms.
Unloading 1422 Unused Serialized files (Serialized files now loaded: 0)
System memory in use before: 69.3 MB.
System memory in use after: 69.3 MB.

Unloading 14 unused Assets to reduce memory usage. Loaded Objects now: 1989.
Total: 2.019400 ms (FindLiveObjects: 0.181300 ms CreateObjectMapping: 0.032300 ms MarkObjects: 1.743700 ms  DeleteObjects: 0.060400 ms)

AssetImportWorkerClient::OnTransportError - code=2 error=End of file
